Copyright 1986-2022 Xilinx, Inc. All Rights Reserved. Copyright 2022-2025 Advanced Micro Devices, Inc. All Rights Reserved.
-----------------------------------------------------------------------------------------------------------------------------------------------------------------------------------------
| Tool Version : Vivado v.2025.2 (win64) Build 6299465 Fri Nov 14 19:35:11 GMT 2025
| Date         : Fri Mar 27 11:07:33 2026
| Host         : PC-SC660-29 running 64-bit major release  (build 9200)
| Command      : report_timing_summary -max_paths 10 -file rp_top_timing_summary_routed.rpt -pb rp_top_timing_summary_routed.pb -rpx rp_top_timing_summary_routed.rpx -warn_on_violation
| Design       : rp_top
| Device       : 7z010-clg400
| Speed File   : -1  PRODUCTION 1.12 2019-11-22
| Design State : Routed
-----------------------------------------------------------------------------------------------------------------------------------------------------------------------------------------

Timing Summary Report

------------------------------------------------------------------------------------------------
| Timer Settings
| --------------
------------------------------------------------------------------------------------------------

  Enable Multi Corner Analysis               :  Yes
  Enable Pessimism Removal                   :  Yes
  Pessimism Removal Resolution               :  Nearest Common Node
  Enable Input Delay Default Clock           :  No
  Enable Preset / Clear Arcs                 :  No
  Disable Flight Delays                      :  No
  Ignore I/O Paths                           :  No
  Timing Early Launch at Borrowing Latches   :  No
  Borrow Time for Max Delay Exceptions       :  Yes
  Merge Timing Exceptions                    :  Yes
  Inter-SLR Compensation                     :  Conservative

  Corner  Analyze    Analyze    
  Name    Max Paths  Min Paths  
  ------  ---------  ---------  
  Slow    Yes        Yes        
  Fast    Yes        Yes        


------------------------------------------------------------------------------------------------
| Report Methodology
| ------------------
------------------------------------------------------------------------------------------------

Rule       Severity  Description                    Violations  
---------  --------  -----------------------------  ----------  
TIMING-18  Warning   Missing input or output delay  26          

Note: This report is based on the most recent report_methodology run and may not be up-to-date. Run report_methodology on the current design for the latest report.



check_timing report

Table of Contents
-----------------
1. checking no_clock (0)
2. checking constant_clock (0)
3. checking pulse_width_clock (0)
4. checking unconstrained_internal_endpoints (0)
5. checking no_input_delay (3)
6. checking no_output_delay (15)
7. checking multiple_clock (0)
8. checking generated_clocks (0)
9. checking loops (0)
10. checking partial_input_delay (0)
11. checking partial_output_delay (0)
12. checking latch_loops (0)

1. checking no_clock (0)
------------------------
 There are 0 register/latch pins with no clock.


2. checking constant_clock (0)
------------------------------
 There are 0 register/latch pins with constant_clock.


3. checking pulse_width_clock (0)
---------------------------------
 There are 0 register/latch pins which need pulse_width check


4. checking unconstrained_internal_endpoints (0)
------------------------------------------------
 There are 0 pins that are not constrained for maximum delay.

 There are 0 pins that are not constrained for maximum delay due to constant clock.


5. checking no_input_delay (3)
------------------------------
 There are 3 input ports with no input delay specified. (HIGH)

 There are 0 input ports with no input delay but user has a false path constraint.


6. checking no_output_delay (15)
--------------------------------
 There are 15 ports with no output delay specified. (HIGH)

 There are 0 ports with no output delay but user has a false path constraint

 There are 0 ports with no output delay but with a timing clock defined on it or propagating through it


7. checking multiple_clock (0)
------------------------------
 There are 0 register/latch pins with multiple clocks.


8. checking generated_clocks (0)
--------------------------------
 There are 0 generated clocks that are not connected to a clock source.


9. checking loops (0)
---------------------
 There are 0 combinational loops in the design.


10. checking partial_input_delay (0)
------------------------------------
 There are 0 input ports with partial input delay specified.


11. checking partial_output_delay (0)
-------------------------------------
 There are 0 ports with partial output delay specified.


12. checking latch_loops (0)
----------------------------
 There are 0 combinational latch loops in the design through latch input



------------------------------------------------------------------------------------------------
| Design Timing Summary
| ---------------------
------------------------------------------------------------------------------------------------

    WNS(ns)      TNS(ns)  TNS Failing Endpoints  TNS Total Endpoints      WHS(ns)      THS(ns)  THS Failing Endpoints  THS Total Endpoints     WPWS(ns)     TPWS(ns)  TPWS Failing Endpoints  TPWS Total Endpoints  
    -------      -------  ---------------------  -------------------      -------      -------  ---------------------  -------------------     --------     --------  ----------------------  --------------------  
     15.979        0.000                      0                  263        0.144        0.000                      0                  263        9.500        0.000                       0                   138  


All user specified timing constraints are met.


------------------------------------------------------------------------------------------------
| Clock Summary
| -------------
------------------------------------------------------------------------------------------------

Clock  Waveform(ns)       Period(ns)      Frequency(MHz)
-----  ------------       ----------      --------------
clk    {0.000 10.000}     20.000          50.000          


------------------------------------------------------------------------------------------------
| Intra Clock Table
| -----------------
------------------------------------------------------------------------------------------------

Clock             WNS(ns)      TNS(ns)  TNS Failing Endpoints  TNS Total Endpoints      WHS(ns)      THS(ns)  THS Failing Endpoints  THS Total Endpoints     WPWS(ns)     TPWS(ns)  TPWS Failing Endpoints  TPWS Total Endpoints  
-----             -------      -------  ---------------------  -------------------      -------      -------  ---------------------  -------------------     --------     --------  ----------------------  --------------------  
clk                15.979        0.000                      0                  263        0.144        0.000                      0                  263        9.500        0.000                       0                   138  


------------------------------------------------------------------------------------------------
| Inter Clock Table
| -----------------
------------------------------------------------------------------------------------------------

From Clock    To Clock          WNS(ns)      TNS(ns)  TNS Failing Endpoints  TNS Total Endpoints      WHS(ns)      THS(ns)  THS Failing Endpoints  THS Total Endpoints  
----------    --------          -------      -------  ---------------------  -------------------      -------      -------  ---------------------  -------------------  


------------------------------------------------------------------------------------------------
| Other Path Groups Table
| -----------------------
------------------------------------------------------------------------------------------------

Path Group    From Clock    To Clock          WNS(ns)      TNS(ns)  TNS Failing Endpoints  TNS Total Endpoints      WHS(ns)      THS(ns)  THS Failing Endpoints  THS Total Endpoints  
----------    ----------    --------          -------      -------  ---------------------  -------------------      -------      -------  ---------------------  -------------------  


------------------------------------------------------------------------------------------------
| Timing Details
| --------------
------------------------------------------------------------------------------------------------


---------------------------------------------------------------------------------------------------
From Clock:  clk
  To Clock:  clk

Setup :            0  Failing Endpoints,  Worst Slack       15.979ns,  Total Violation        0.000ns
Hold  :            0  Failing Endpoints,  Worst Slack        0.144ns,  Total Violation        0.000ns
PW    :            0  Failing Endpoints,  Worst Slack        9.500ns,  Total Violation        0.000ns
---------------------------------------------------------------------------------------------------


Max Delay Paths
--------------------------------------------------------------------------------------
Slack (MET) :             15.979ns  (required time - arrival time)
  Source:                 bcd_counter_i/sig_cnt_2_reg[1]/C
                            (rising edge-triggered cell FDRE clocked by clk  {rise@0.000ns fall@10.000ns period=20.000ns})
  Destination:            bcd_counter_i/sig_cnt_3_reg[0]/CE
                            (rising edge-triggered cell FDRE clocked by clk  {rise@0.000ns fall@10.000ns period=20.000ns})
  Path Group:             clk
  Path Type:              Setup (Max at Slow Process Corner)
  Requirement:            20.000ns  (clk rise@20.000ns - clk rise@0.000ns)
  Data Path Delay:        3.729ns  (logic 0.932ns (24.995%)  route 2.797ns (75.005%))
  Logic Levels:           2  (LUT4=1 LUT5=1)
  Clock Path Skew:        -0.026ns (DCD - SCD + CPR)
    Destination Clock Delay (DCD):    4.919ns = ( 24.919 - 20.000 ) 
    Source Clock Delay      (SCD):    5.373ns
    Clock Pessimism Removal (CPR):    0.429ns
  Clock Uncertainty:      0.061ns  ((TSJ^2 + TIJ^2)^1/2 + DJ) / 2 + PE
    Total System Jitter     (TSJ):    0.071ns
    Total Input Jitter      (TIJ):    0.100ns
    Discrete Jitter          (DJ):    0.000ns
    Phase Error              (PE):    0.000ns

    Location             Delay type                Incr(ns)  Path(ns)    Netlist Resource(s)
  -------------------------------------------------------------------    -------------------
                         (clock clk rise edge)        0.000     0.000 r  
    H16                                               0.000     0.000 r  CLK (IN)
                         net (fo=0)                   0.000     0.000    CLK
    H16                  IBUF (Prop_ibuf_I_O)         1.457     1.457 r  CLK_IBUF_inst/O
                         net (fo=1, routed)           2.076     3.533    CLK_IBUF
    BUFGCTRL_X0Y16       BUFG (Prop_bufg_I_O)         0.101     3.634 r  CLK_IBUF_BUFG_inst/O
                         net (fo=137, routed)         1.739     5.373    bcd_counter_i/CLK
    SLICE_X40Y58         FDRE                                         r  bcd_counter_i/sig_cnt_2_reg[1]/C
  -------------------------------------------------------------------    -------------------
    SLICE_X40Y58         FDRE (Prop_fdre_C_Q)         0.456     5.829 f  bcd_counter_i/sig_cnt_2_reg[1]/Q
                         net (fo=5, routed)           1.528     7.357    bcd_counter_i/sig_cnt_2_reg_n_0_[1]
    SLICE_X40Y58         LUT4 (Prop_lut4_I1_O)        0.150     7.507 r  bcd_counter_i/sig_cnt_3[3]_i_4/O
                         net (fo=1, routed)           0.803     8.310    bcd_counter_i/sig_cnt_3[3]_i_4_n_0
    SLICE_X41Y59         LUT5 (Prop_lut5_I2_O)        0.326     8.636 r  bcd_counter_i/sig_cnt_3[3]_i_1/O
                         net (fo=4, routed)           0.466     9.102    bcd_counter_i/sig_cnt_3[0]
    SLICE_X43Y59         FDRE                                         r  bcd_counter_i/sig_cnt_3_reg[0]/CE
  -------------------------------------------------------------------    -------------------

                         (clock clk rise edge)       20.000    20.000 r  
    H16                                               0.000    20.000 r  CLK (IN)
                         net (fo=0)                   0.000    20.000    CLK
    H16                  IBUF (Prop_ibuf_I_O)         1.387    21.387 r  CLK_IBUF_inst/O
                         net (fo=1, routed)           1.880    23.267    CLK_IBUF
    BUFGCTRL_X0Y16       BUFG (Prop_bufg_I_O)         0.091    23.358 r  CLK_IBUF_BUFG_inst/O
                         net (fo=137, routed)         1.561    24.919    bcd_counter_i/CLK
    SLICE_X43Y59         FDRE                                         r  bcd_counter_i/sig_cnt_3_reg[0]/C
                         clock pessimism              0.429    25.347    
                         clock uncertainty           -0.061    25.286    
    SLICE_X43Y59         FDRE (Setup_fdre_C_CE)      -0.205    25.081    bcd_counter_i/sig_cnt_3_reg[0]
  -------------------------------------------------------------------
                         required time                         25.081    
                         arrival time                          -9.102    
  -------------------------------------------------------------------
                         slack                                 15.979    

Slack (MET) :             15.979ns  (required time - arrival time)
  Source:                 bcd_counter_i/sig_cnt_2_reg[1]/C
                            (rising edge-triggered cell FDRE clocked by clk  {rise@0.000ns fall@10.000ns period=20.000ns})
  Destination:            bcd_counter_i/sig_cnt_3_reg[1]/CE
                            (rising edge-triggered cell FDRE clocked by clk  {rise@0.000ns fall@10.000ns period=20.000ns})
  Path Group:             clk
  Path Type:              Setup (Max at Slow Process Corner)
  Requirement:            20.000ns  (clk rise@20.000ns - clk rise@0.000ns)
  Data Path Delay:        3.729ns  (logic 0.932ns (24.995%)  route 2.797ns (75.005%))
  Logic Levels:           2  (LUT4=1 LUT5=1)
  Clock Path Skew:        -0.026ns (DCD - SCD + CPR)
    Destination Clock Delay (DCD):    4.919ns = ( 24.919 - 20.000 ) 
    Source Clock Delay      (SCD):    5.373ns
    Clock Pessimism Removal (CPR):    0.429ns
  Clock Uncertainty:      0.061ns  ((TSJ^2 + TIJ^2)^1/2 + DJ) / 2 + PE
    Total System Jitter     (TSJ):    0.071ns
    Total Input Jitter      (TIJ):    0.100ns
    Discrete Jitter          (DJ):    0.000ns
    Phase Error              (PE):    0.000ns

    Location             Delay type                Incr(ns)  Path(ns)    Netlist Resource(s)
  -------------------------------------------------------------------    -------------------
                         (clock clk rise edge)        0.000     0.000 r  
    H16                                               0.000     0.000 r  CLK (IN)
                         net (fo=0)                   0.000     0.000    CLK
    H16                  IBUF (Prop_ibuf_I_O)         1.457     1.457 r  CLK_IBUF_inst/O
                         net (fo=1, routed)           2.076     3.533    CLK_IBUF
    BUFGCTRL_X0Y16       BUFG (Prop_bufg_I_O)         0.101     3.634 r  CLK_IBUF_BUFG_inst/O
                         net (fo=137, routed)         1.739     5.373    bcd_counter_i/CLK
    SLICE_X40Y58         FDRE                                         r  bcd_counter_i/sig_cnt_2_reg[1]/C
  -------------------------------------------------------------------    -------------------
    SLICE_X40Y58         FDRE (Prop_fdre_C_Q)         0.456     5.829 f  bcd_counter_i/sig_cnt_2_reg[1]/Q
                         net (fo=5, routed)           1.528     7.357    bcd_counter_i/sig_cnt_2_reg_n_0_[1]
    SLICE_X40Y58         LUT4 (Prop_lut4_I1_O)        0.150     7.507 r  bcd_counter_i/sig_cnt_3[3]_i_4/O
                         net (fo=1, routed)           0.803     8.310    bcd_counter_i/sig_cnt_3[3]_i_4_n_0
    SLICE_X41Y59         LUT5 (Prop_lut5_I2_O)        0.326     8.636 r  bcd_counter_i/sig_cnt_3[3]_i_1/O
                         net (fo=4, routed)           0.466     9.102    bcd_counter_i/sig_cnt_3[0]
    SLICE_X43Y59         FDRE                                         r  bcd_counter_i/sig_cnt_3_reg[1]/CE
  -------------------------------------------------------------------    -------------------

                         (clock clk rise edge)       20.000    20.000 r  
    H16                                               0.000    20.000 r  CLK (IN)
                         net (fo=0)                   0.000    20.000    CLK
    H16                  IBUF (Prop_ibuf_I_O)         1.387    21.387 r  CLK_IBUF_inst/O
                         net (fo=1, routed)           1.880    23.267    CLK_IBUF
    BUFGCTRL_X0Y16       BUFG (Prop_bufg_I_O)         0.091    23.358 r  CLK_IBUF_BUFG_inst/O
                         net (fo=137, routed)         1.561    24.919    bcd_counter_i/CLK
    SLICE_X43Y59         FDRE                                         r  bcd_counter_i/sig_cnt_3_reg[1]/C
                         clock pessimism              0.429    25.347    
                         clock uncertainty           -0.061    25.286    
    SLICE_X43Y59         FDRE (Setup_fdre_C_CE)      -0.205    25.081    bcd_counter_i/sig_cnt_3_reg[1]
  -------------------------------------------------------------------
                         required time                         25.081    
                         arrival time                          -9.102    
  -------------------------------------------------------------------
                         slack                                 15.979    

Slack (MET) :             15.979ns  (required time - arrival time)
  Source:                 bcd_counter_i/sig_cnt_2_reg[1]/C
                            (rising edge-triggered cell FDRE clocked by clk  {rise@0.000ns fall@10.000ns period=20.000ns})
  Destination:            bcd_counter_i/sig_cnt_3_reg[2]/CE
                            (rising edge-triggered cell FDRE clocked by clk  {rise@0.000ns fall@10.000ns period=20.000ns})
  Path Group:             clk
  Path Type:              Setup (Max at Slow Process Corner)
  Requirement:            20.000ns  (clk rise@20.000ns - clk rise@0.000ns)
  Data Path Delay:        3.729ns  (logic 0.932ns (24.995%)  route 2.797ns (75.005%))
  Logic Levels:           2  (LUT4=1 LUT5=1)
  Clock Path Skew:        -0.026ns (DCD - SCD + CPR)
    Destination Clock Delay (DCD):    4.919ns = ( 24.919 - 20.000 ) 
    Source Clock Delay      (SCD):    5.373ns
    Clock Pessimism Removal (CPR):    0.429ns
  Clock Uncertainty:      0.061ns  ((TSJ^2 + TIJ^2)^1/2 + DJ) / 2 + PE
    Total System Jitter     (TSJ):    0.071ns
    Total Input Jitter      (TIJ):    0.100ns
    Discrete Jitter          (DJ):    0.000ns
    Phase Error              (PE):    0.000ns

    Location             Delay type                Incr(ns)  Path(ns)    Netlist Resource(s)
  -------------------------------------------------------------------    -------------------
                         (clock clk rise edge)        0.000     0.000 r  
    H16                                               0.000     0.000 r  CLK (IN)
                         net (fo=0)                   0.000     0.000    CLK
    H16                  IBUF (Prop_ibuf_I_O)         1.457     1.457 r  CLK_IBUF_inst/O
                         net (fo=1, routed)           2.076     3.533    CLK_IBUF
    BUFGCTRL_X0Y16       BUFG (Prop_bufg_I_O)         0.101     3.634 r  CLK_IBUF_BUFG_inst/O
                         net (fo=137, routed)         1.739     5.373    bcd_counter_i/CLK
    SLICE_X40Y58         FDRE                                         r  bcd_counter_i/sig_cnt_2_reg[1]/C
  -------------------------------------------------------------------    -------------------
    SLICE_X40Y58         FDRE (Prop_fdre_C_Q)         0.456     5.829 f  bcd_counter_i/sig_cnt_2_reg[1]/Q
                         net (fo=5, routed)           1.528     7.357    bcd_counter_i/sig_cnt_2_reg_n_0_[1]
    SLICE_X40Y58         LUT4 (Prop_lut4_I1_O)        0.150     7.507 r  bcd_counter_i/sig_cnt_3[3]_i_4/O
                         net (fo=1, routed)           0.803     8.310    bcd_counter_i/sig_cnt_3[3]_i_4_n_0
    SLICE_X41Y59         LUT5 (Prop_lut5_I2_O)        0.326     8.636 r  bcd_counter_i/sig_cnt_3[3]_i_1/O
                         net (fo=4, routed)           0.466     9.102    bcd_counter_i/sig_cnt_3[0]
    SLICE_X43Y59         FDRE                                         r  bcd_counter_i/sig_cnt_3_reg[2]/CE
  -------------------------------------------------------------------    -------------------

                         (clock clk rise edge)       20.000    20.000 r  
    H16                                               0.000    20.000 r  CLK (IN)
                         net (fo=0)                   0.000    20.000    CLK
    H16                  IBUF (Prop_ibuf_I_O)         1.387    21.387 r  CLK_IBUF_inst/O
                         net (fo=1, routed)           1.880    23.267    CLK_IBUF
    BUFGCTRL_X0Y16       BUFG (Prop_bufg_I_O)         0.091    23.358 r  CLK_IBUF_BUFG_inst/O
                         net (fo=137, routed)         1.561    24.919    bcd_counter_i/CLK
    SLICE_X43Y59         FDRE                                         r  bcd_counter_i/sig_cnt_3_reg[2]/C
                         clock pessimism              0.429    25.347    
                         clock uncertainty           -0.061    25.286    
    SLICE_X43Y59         FDRE (Setup_fdre_C_CE)      -0.205    25.081    bcd_counter_i/sig_cnt_3_reg[2]
  -------------------------------------------------------------------
                         required time                         25.081    
                         arrival time                          -9.102    
  -------------------------------------------------------------------
                         slack                                 15.979    

Slack (MET) :             15.979ns  (required time - arrival time)
  Source:                 bcd_counter_i/sig_cnt_2_reg[1]/C
                            (rising edge-triggered cell FDRE clocked by clk  {rise@0.000ns fall@10.000ns period=20.000ns})
  Destination:            bcd_counter_i/sig_cnt_3_reg[3]/CE
                            (rising edge-triggered cell FDRE clocked by clk  {rise@0.000ns fall@10.000ns period=20.000ns})
  Path Group:             clk
  Path Type:              Setup (Max at Slow Process Corner)
  Requirement:            20.000ns  (clk rise@20.000ns - clk rise@0.000ns)
  Data Path Delay:        3.729ns  (logic 0.932ns (24.995%)  route 2.797ns (75.005%))
  Logic Levels:           2  (LUT4=1 LUT5=1)
  Clock Path Skew:        -0.026ns (DCD - SCD + CPR)
    Destination Clock Delay (DCD):    4.919ns = ( 24.919 - 20.000 ) 
    Source Clock Delay      (SCD):    5.373ns
    Clock Pessimism Removal (CPR):    0.429ns
  Clock Uncertainty:      0.061ns  ((TSJ^2 + TIJ^2)^1/2 + DJ) / 2 + PE
    Total System Jitter     (TSJ):    0.071ns
    Total Input Jitter      (TIJ):    0.100ns
    Discrete Jitter          (DJ):    0.000ns
    Phase Error              (PE):    0.000ns

    Location             Delay type                Incr(ns)  Path(ns)    Netlist Resource(s)
  -------------------------------------------------------------------    -------------------
                         (clock clk rise edge)        0.000     0.000 r  
    H16                                               0.000     0.000 r  CLK (IN)
                         net (fo=0)                   0.000     0.000    CLK
    H16                  IBUF (Prop_ibuf_I_O)         1.457     1.457 r  CLK_IBUF_inst/O
                         net (fo=1, routed)           2.076     3.533    CLK_IBUF
    BUFGCTRL_X0Y16       BUFG (Prop_bufg_I_O)         0.101     3.634 r  CLK_IBUF_BUFG_inst/O
                         net (fo=137, routed)         1.739     5.373    bcd_counter_i/CLK
    SLICE_X40Y58         FDRE                                         r  bcd_counter_i/sig_cnt_2_reg[1]/C
  -------------------------------------------------------------------    -------------------
    SLICE_X40Y58         FDRE (Prop_fdre_C_Q)         0.456     5.829 f  bcd_counter_i/sig_cnt_2_reg[1]/Q
                         net (fo=5, routed)           1.528     7.357    bcd_counter_i/sig_cnt_2_reg_n_0_[1]
    SLICE_X40Y58         LUT4 (Prop_lut4_I1_O)        0.150     7.507 r  bcd_counter_i/sig_cnt_3[3]_i_4/O
                         net (fo=1, routed)           0.803     8.310    bcd_counter_i/sig_cnt_3[3]_i_4_n_0
    SLICE_X41Y59         LUT5 (Prop_lut5_I2_O)        0.326     8.636 r  bcd_counter_i/sig_cnt_3[3]_i_1/O
                         net (fo=4, routed)           0.466     9.102    bcd_counter_i/sig_cnt_3[0]
    SLICE_X43Y59         FDRE                                         r  bcd_counter_i/sig_cnt_3_reg[3]/CE
  -------------------------------------------------------------------    -------------------

                         (clock clk rise edge)       20.000    20.000 r  
    H16                                               0.000    20.000 r  CLK (IN)
                         net (fo=0)                   0.000    20.000    CLK
    H16                  IBUF (Prop_ibuf_I_O)         1.387    21.387 r  CLK_IBUF_inst/O
                         net (fo=1, routed)           1.880    23.267    CLK_IBUF
    BUFGCTRL_X0Y16       BUFG (Prop_bufg_I_O)         0.091    23.358 r  CLK_IBUF_BUFG_inst/O
                         net (fo=137, routed)         1.561    24.919    bcd_counter_i/CLK
    SLICE_X43Y59         FDRE                                         r  bcd_counter_i/sig_cnt_3_reg[3]/C
                         clock pessimism              0.429    25.347    
                         clock uncertainty           -0.061    25.286    
    SLICE_X43Y59         FDRE (Setup_fdre_C_CE)      -0.205    25.081    bcd_counter_i/sig_cnt_3_reg[3]
  -------------------------------------------------------------------
                         required time                         25.081    
                         arrival time                          -9.102    
  -------------------------------------------------------------------
                         slack                                 15.979    

Slack (MET) :             16.106ns  (required time - arrival time)
  Source:                 seg_disp_driver_i/FSM_sequential_pres_st_seg_mux_reg[0]/C
                            (rising edge-triggered cell FDRE clocked by clk  {rise@0.000ns fall@10.000ns period=20.000ns})
  Destination:            seg_disp_driver_i/DISP_SEG_reg[2]/D
                            (rising edge-triggered cell FDRE clocked by clk  {rise@0.000ns fall@10.000ns period=20.000ns})
  Path Group:             clk
  Path Type:              Setup (Max at Slow Process Corner)
  Requirement:            20.000ns  (clk rise@20.000ns - clk rise@0.000ns)
  Data Path Delay:        3.888ns  (logic 1.196ns (30.763%)  route 2.692ns (69.237%))
  Logic Levels:           3  (LUT5=2 LUT6=1)
  Clock Path Skew:        -0.024ns (DCD - SCD + CPR)
    Destination Clock Delay (DCD):    4.921ns = ( 24.921 - 20.000 ) 
    Source Clock Delay      (SCD):    5.373ns
    Clock Pessimism Removal (CPR):    0.429ns
  Clock Uncertainty:      0.061ns  ((TSJ^2 + TIJ^2)^1/2 + DJ) / 2 + PE
    Total System Jitter     (TSJ):    0.071ns
    Total Input Jitter      (TIJ):    0.100ns
    Discrete Jitter          (DJ):    0.000ns
    Phase Error              (PE):    0.000ns

    Location             Delay type                Incr(ns)  Path(ns)    Netlist Resource(s)
  -------------------------------------------------------------------    -------------------
                         (clock clk rise edge)        0.000     0.000 r  
    H16                                               0.000     0.000 r  CLK (IN)
                         net (fo=0)                   0.000     0.000    CLK
    H16                  IBUF (Prop_ibuf_I_O)         1.457     1.457 r  CLK_IBUF_inst/O
                         net (fo=1, routed)           2.076     3.533    CLK_IBUF
    BUFGCTRL_X0Y16       BUFG (Prop_bufg_I_O)         0.101     3.634 r  CLK_IBUF_BUFG_inst/O
                         net (fo=137, routed)         1.739     5.373    seg_disp_driver_i/CLK
    SLICE_X43Y57         FDRE                                         r  seg_disp_driver_i/FSM_sequential_pres_st_seg_mux_reg[0]/C
  -------------------------------------------------------------------    -------------------
    SLICE_X43Y57         FDRE (Prop_fdre_C_Q)         0.419     5.792 r  seg_disp_driver_i/FSM_sequential_pres_st_seg_mux_reg[0]/Q
                         net (fo=15, routed)          1.038     6.830    seg_disp_driver_i/pres_st_seg_mux[0]
    SLICE_X42Y58         LUT6 (Prop_lut6_I3_O)        0.299     7.129 r  seg_disp_driver_i/DISP_SEG[6]_i_9/O
                         net (fo=1, routed)           0.680     7.809    seg_disp_driver_i/DISP_SEG[6]_i_9_n_0
    SLICE_X42Y58         LUT5 (Prop_lut5_I4_O)        0.150     7.959 r  seg_disp_driver_i/DISP_SEG[6]_i_5/O
                         net (fo=7, routed)           0.974     8.933    seg_disp_driver_i/bin_value[1]
    SLICE_X42Y56         LUT5 (Prop_lut5_I3_O)        0.328     9.261 r  seg_disp_driver_i/DISP_SEG[2]_i_1/O
                         net (fo=1, routed)           0.000     9.261    seg_disp_driver_i/DISP_SEG[2]_i_1_n_0
    SLICE_X42Y56         FDRE                                         r  seg_disp_driver_i/DISP_SEG_reg[2]/D
  -------------------------------------------------------------------    -------------------

                         (clock clk rise edge)       20.000    20.000 r  
    H16                                               0.000    20.000 r  CLK (IN)
                         net (fo=0)                   0.000    20.000    CLK
    H16                  IBUF (Prop_ibuf_I_O)         1.387    21.387 r  CLK_IBUF_inst/O
                         net (fo=1, routed)           1.880    23.267    CLK_IBUF
    BUFGCTRL_X0Y16       BUFG (Prop_bufg_I_O)         0.091    23.358 r  CLK_IBUF_BUFG_inst/O
                         net (fo=137, routed)         1.563    24.921    seg_disp_driver_i/CLK
    SLICE_X42Y56         FDRE                                         r  seg_disp_driver_i/DISP_SEG_reg[2]/C
                         clock pessimism              0.429    25.349    
                         clock uncertainty           -0.061    25.288    
    SLICE_X42Y56         FDRE (Setup_fdre_C_D)        0.079    25.367    seg_disp_driver_i/DISP_SEG_reg[2]
  -------------------------------------------------------------------
                         required time                         25.367    
                         arrival time                          -9.261    
  -------------------------------------------------------------------
                         slack                                 16.106    

Slack (MET) :             16.236ns  (required time - arrival time)
  Source:                 seg_disp_driver_i/FSM_sequential_pres_st_seg_mux_reg[0]/C
                            (rising edge-triggered cell FDRE clocked by clk  {rise@0.000ns fall@10.000ns period=20.000ns})
  Destination:            seg_disp_driver_i/DISP_SEG_reg[3]/D
                            (rising edge-triggered cell FDRE clocked by clk  {rise@0.000ns fall@10.000ns period=20.000ns})
  Path Group:             clk
  Path Type:              Setup (Max at Slow Process Corner)
  Requirement:            20.000ns  (clk rise@20.000ns - clk rise@0.000ns)
  Data Path Delay:        3.762ns  (logic 1.196ns (31.793%)  route 2.566ns (68.207%))
  Logic Levels:           3  (LUT4=1 LUT5=1 LUT6=1)
  Clock Path Skew:        -0.022ns (DCD - SCD + CPR)
    Destination Clock Delay (DCD):    4.920ns = ( 24.920 - 20.000 ) 
    Source Clock Delay      (SCD):    5.373ns
    Clock Pessimism Removal (CPR):    0.432ns
  Clock Uncertainty:      0.061ns  ((TSJ^2 + TIJ^2)^1/2 + DJ) / 2 + PE
    Total System Jitter     (TSJ):    0.071ns
    Total Input Jitter      (TIJ):    0.100ns
    Discrete Jitter          (DJ):    0.000ns
    Phase Error              (PE):    0.000ns

    Location             Delay type                Incr(ns)  Path(ns)    Netlist Resource(s)
  -------------------------------------------------------------------    -------------------
                         (clock clk rise edge)        0.000     0.000 r  
    H16                                               0.000     0.000 r  CLK (IN)
                         net (fo=0)                   0.000     0.000    CLK
    H16                  IBUF (Prop_ibuf_I_O)         1.457     1.457 r  CLK_IBUF_inst/O
                         net (fo=1, routed)           2.076     3.533    CLK_IBUF
    BUFGCTRL_X0Y16       BUFG (Prop_bufg_I_O)         0.101     3.634 r  CLK_IBUF_BUFG_inst/O
                         net (fo=137, routed)         1.739     5.373    seg_disp_driver_i/CLK
    SLICE_X43Y57         FDRE                                         r  seg_disp_driver_i/FSM_sequential_pres_st_seg_mux_reg[0]/C
  -------------------------------------------------------------------    -------------------
    SLICE_X43Y57         FDRE (Prop_fdre_C_Q)         0.419     5.792 r  seg_disp_driver_i/FSM_sequential_pres_st_seg_mux_reg[0]/Q
                         net (fo=15, routed)          1.038     6.830    seg_disp_driver_i/pres_st_seg_mux[0]
    SLICE_X42Y58         LUT6 (Prop_lut6_I3_O)        0.299     7.129 r  seg_disp_driver_i/DISP_SEG[6]_i_9/O
                         net (fo=1, routed)           0.680     7.809    seg_disp_driver_i/DISP_SEG[6]_i_9_n_0
    SLICE_X42Y58         LUT5 (Prop_lut5_I4_O)        0.150     7.959 r  seg_disp_driver_i/DISP_SEG[6]_i_5/O
                         net (fo=7, routed)           0.848     8.807    seg_disp_driver_i/bin_value[1]
    SLICE_X42Y57         LUT4 (Prop_lut4_I3_O)        0.328     9.135 r  seg_disp_driver_i/DISP_SEG[3]_i_1/O
                         net (fo=1, routed)           0.000     9.135    seg_disp_driver_i/disp_seg_num[3]
    SLICE_X42Y57         FDRE                                         r  seg_disp_driver_i/DISP_SEG_reg[3]/D
  -------------------------------------------------------------------    -------------------

                         (clock clk rise edge)       20.000    20.000 r  
    H16                                               0.000    20.000 r  CLK (IN)
                         net (fo=0)                   0.000    20.000    CLK
    H16                  IBUF (Prop_ibuf_I_O)         1.387    21.387 r  CLK_IBUF_inst/O
                         net (fo=1, routed)           1.880    23.267    CLK_IBUF
    BUFGCTRL_X0Y16       BUFG (Prop_bufg_I_O)         0.091    23.358 r  CLK_IBUF_BUFG_inst/O
                         net (fo=137, routed)         1.562    24.920    seg_disp_driver_i/CLK
    SLICE_X42Y57         FDRE                                         r  seg_disp_driver_i/DISP_SEG_reg[3]/C
                         clock pessimism              0.432    25.351    
                         clock uncertainty           -0.061    25.290    
    SLICE_X42Y57         FDRE (Setup_fdre_C_D)        0.081    25.371    seg_disp_driver_i/DISP_SEG_reg[3]
  -------------------------------------------------------------------
                         required time                         25.371    
                         arrival time                          -9.135    
  -------------------------------------------------------------------
                         slack                                 16.236    

Slack (MET) :             16.245ns  (required time - arrival time)
  Source:                 seg_disp_driver_i/FSM_sequential_pres_st_seg_mux_reg[0]/C
                            (rising edge-triggered cell FDRE clocked by clk  {rise@0.000ns fall@10.000ns period=20.000ns})
  Destination:            seg_disp_driver_i/DISP_SEG_reg[4]/D
                            (rising edge-triggered cell FDRE clocked by clk  {rise@0.000ns fall@10.000ns period=20.000ns})
  Path Group:             clk
  Path Type:              Setup (Max at Slow Process Corner)
  Requirement:            20.000ns  (clk rise@20.000ns - clk rise@0.000ns)
  Data Path Delay:        3.790ns  (logic 1.224ns (32.297%)  route 2.566ns (67.703%))
  Logic Levels:           3  (LUT4=1 LUT5=1 LUT6=1)
  Clock Path Skew:        -0.022ns (DCD - SCD + CPR)
    Destination Clock Delay (DCD):    4.920ns = ( 24.920 - 20.000 ) 
    Source Clock Delay      (SCD):    5.373ns
    Clock Pessimism Removal (CPR):    0.432ns
  Clock Uncertainty:      0.061ns  ((TSJ^2 + TIJ^2)^1/2 + DJ) / 2 + PE
    Total System Jitter     (TSJ):    0.071ns
    Total Input Jitter      (TIJ):    0.100ns
    Discrete Jitter          (DJ):    0.000ns
    Phase Error              (PE):    0.000ns

    Location             Delay type                Incr(ns)  Path(ns)    Netlist Resource(s)
  -------------------------------------------------------------------    -------------------
                         (clock clk rise edge)        0.000     0.000 r  
    H16                                               0.000     0.000 r  CLK (IN)
                         net (fo=0)                   0.000     0.000    CLK
    H16                  IBUF (Prop_ibuf_I_O)         1.457     1.457 r  CLK_IBUF_inst/O
                         net (fo=1, routed)           2.076     3.533    CLK_IBUF
    BUFGCTRL_X0Y16       BUFG (Prop_bufg_I_O)         0.101     3.634 r  CLK_IBUF_BUFG_inst/O
                         net (fo=137, routed)         1.739     5.373    seg_disp_driver_i/CLK
    SLICE_X43Y57         FDRE                                         r  seg_disp_driver_i/FSM_sequential_pres_st_seg_mux_reg[0]/C
  -------------------------------------------------------------------    -------------------
    SLICE_X43Y57         FDRE (Prop_fdre_C_Q)         0.419     5.792 r  seg_disp_driver_i/FSM_sequential_pres_st_seg_mux_reg[0]/Q
                         net (fo=15, routed)          1.038     6.830    seg_disp_driver_i/pres_st_seg_mux[0]
    SLICE_X42Y58         LUT6 (Prop_lut6_I3_O)        0.299     7.129 f  seg_disp_driver_i/DISP_SEG[6]_i_9/O
                         net (fo=1, routed)           0.680     7.809    seg_disp_driver_i/DISP_SEG[6]_i_9_n_0
    SLICE_X42Y58         LUT5 (Prop_lut5_I4_O)        0.150     7.959 f  seg_disp_driver_i/DISP_SEG[6]_i_5/O
                         net (fo=7, routed)           0.848     8.807    seg_disp_driver_i/bin_value[1]
    SLICE_X42Y57         LUT4 (Prop_lut4_I1_O)        0.356     9.163 r  seg_disp_driver_i/DISP_SEG[4]_i_1/O
                         net (fo=1, routed)           0.000     9.163    seg_disp_driver_i/disp_seg_num[4]
    SLICE_X42Y57         FDRE                                         r  seg_disp_driver_i/DISP_SEG_reg[4]/D
  -------------------------------------------------------------------    -------------------

                         (clock clk rise edge)       20.000    20.000 r  
    H16                                               0.000    20.000 r  CLK (IN)
                         net (fo=0)                   0.000    20.000    CLK
    H16                  IBUF (Prop_ibuf_I_O)         1.387    21.387 r  CLK_IBUF_inst/O
                         net (fo=1, routed)           1.880    23.267    CLK_IBUF
    BUFGCTRL_X0Y16       BUFG (Prop_bufg_I_O)         0.091    23.358 r  CLK_IBUF_BUFG_inst/O
                         net (fo=137, routed)         1.562    24.920    seg_disp_driver_i/CLK
    SLICE_X42Y57         FDRE                                         r  seg_disp_driver_i/DISP_SEG_reg[4]/C
                         clock pessimism              0.432    25.351    
                         clock uncertainty           -0.061    25.290    
    SLICE_X42Y57         FDRE (Setup_fdre_C_D)        0.118    25.408    seg_disp_driver_i/DISP_SEG_reg[4]
  -------------------------------------------------------------------
                         required time                         25.408    
                         arrival time                          -9.163    
  -------------------------------------------------------------------
                         slack                                 16.245    

Slack (MET) :             16.324ns  (required time - arrival time)
  Source:                 seg_disp_driver_i/FSM_sequential_pres_st_seg_mux_reg[0]/C
                            (rising edge-triggered cell FDRE clocked by clk  {rise@0.000ns fall@10.000ns period=20.000ns})
  Destination:            seg_disp_driver_i/DISP_SEG_reg[0]/D
                            (rising edge-triggered cell FDRE clocked by clk  {rise@0.000ns fall@10.000ns period=20.000ns})
  Path Group:             clk
  Path Type:              Setup (Max at Slow Process Corner)
  Requirement:            20.000ns  (clk rise@20.000ns - clk rise@0.000ns)
  Data Path Delay:        3.668ns  (logic 0.966ns (26.335%)  route 2.702ns (73.665%))
  Logic Levels:           3  (LUT5=2 LUT6=1)
  Clock Path Skew:        -0.024ns (DCD - SCD + CPR)
    Destination Clock Delay (DCD):    4.921ns = ( 24.921 - 20.000 ) 
    Source Clock Delay      (SCD):    5.373ns
    Clock Pessimism Removal (CPR):    0.429ns
  Clock Uncertainty:      0.061ns  ((TSJ^2 + TIJ^2)^1/2 + DJ) / 2 + PE
    Total System Jitter     (TSJ):    0.071ns
    Total Input Jitter      (TIJ):    0.100ns
    Discrete Jitter          (DJ):    0.000ns
    Phase Error              (PE):    0.000ns

    Location             Delay type                Incr(ns)  Path(ns)    Netlist Resource(s)
  -------------------------------------------------------------------    -------------------
                         (clock clk rise edge)        0.000     0.000 r  
    H16                                               0.000     0.000 r  CLK (IN)
                         net (fo=0)                   0.000     0.000    CLK
    H16                  IBUF (Prop_ibuf_I_O)         1.457     1.457 r  CLK_IBUF_inst/O
                         net (fo=1, routed)           2.076     3.533    CLK_IBUF
    BUFGCTRL_X0Y16       BUFG (Prop_bufg_I_O)         0.101     3.634 r  CLK_IBUF_BUFG_inst/O
                         net (fo=137, routed)         1.739     5.373    seg_disp_driver_i/CLK
    SLICE_X43Y57         FDRE                                         r  seg_disp_driver_i/FSM_sequential_pres_st_seg_mux_reg[0]/C
  -------------------------------------------------------------------    -------------------
    SLICE_X43Y57         FDRE (Prop_fdre_C_Q)         0.419     5.792 r  seg_disp_driver_i/FSM_sequential_pres_st_seg_mux_reg[0]/Q
                         net (fo=15, routed)          1.167     6.959    seg_disp_driver_i/pres_st_seg_mux[0]
    SLICE_X42Y58         LUT6 (Prop_lut6_I3_O)        0.299     7.258 r  seg_disp_driver_i/DISP_SEG[6]_i_6/O
                         net (fo=1, routed)           0.701     7.959    seg_disp_driver_i/DISP_SEG[6]_i_6_n_0
    SLICE_X43Y58         LUT5 (Prop_lut5_I4_O)        0.124     8.083 r  seg_disp_driver_i/DISP_SEG[6]_i_2/O
                         net (fo=7, routed)           0.834     8.917    seg_disp_driver_i/bin_value[3]
    SLICE_X42Y56         LUT5 (Prop_lut5_I1_O)        0.124     9.041 r  seg_disp_driver_i/DISP_SEG[0]_i_1/O
                         net (fo=1, routed)           0.000     9.041    seg_disp_driver_i/DISP_SEG[0]_i_1_n_0
    SLICE_X42Y56         FDRE                                         r  seg_disp_driver_i/DISP_SEG_reg[0]/D
  -------------------------------------------------------------------    -------------------

                         (clock clk rise edge)       20.000    20.000 r  
    H16                                               0.000    20.000 r  CLK (IN)
                         net (fo=0)                   0.000    20.000    CLK
    H16                  IBUF (Prop_ibuf_I_O)         1.387    21.387 r  CLK_IBUF_inst/O
                         net (fo=1, routed)           1.880    23.267    CLK_IBUF
    BUFGCTRL_X0Y16       BUFG (Prop_bufg_I_O)         0.091    23.358 r  CLK_IBUF_BUFG_inst/O
                         net (fo=137, routed)         1.563    24.921    seg_disp_driver_i/CLK
    SLICE_X42Y56         FDRE                                         r  seg_disp_driver_i/DISP_SEG_reg[0]/C
                         clock pessimism              0.429    25.349    
                         clock uncertainty           -0.061    25.288    
    SLICE_X42Y56         FDRE (Setup_fdre_C_D)        0.077    25.365    seg_disp_driver_i/DISP_SEG_reg[0]
  -------------------------------------------------------------------
                         required time                         25.365    
                         arrival time                          -9.041    
  -------------------------------------------------------------------
                         slack                                 16.324    

Slack (MET) :             16.331ns  (required time - arrival time)
  Source:                 seg_disp_driver_i/FSM_sequential_pres_st_seg_mux_reg[0]/C
                            (rising edge-triggered cell FDRE clocked by clk  {rise@0.000ns fall@10.000ns period=20.000ns})
  Destination:            seg_disp_driver_i/DISP_SEG_reg[5]/D
                            (rising edge-triggered cell FDRE clocked by clk  {rise@0.000ns fall@10.000ns period=20.000ns})
  Path Group:             clk
  Path Type:              Setup (Max at Slow Process Corner)
  Requirement:            20.000ns  (clk rise@20.000ns - clk rise@0.000ns)
  Data Path Delay:        3.665ns  (logic 0.966ns (26.361%)  route 2.699ns (73.639%))
  Logic Levels:           3  (LUT4=1 LUT5=1 LUT6=1)
  Clock Path Skew:        -0.022ns (DCD - SCD + CPR)
    Destination Clock Delay (DCD):    4.920ns = ( 24.920 - 20.000 ) 
    Source Clock Delay      (SCD):    5.373ns
    Clock Pessimism Removal (CPR):    0.432ns
  Clock Uncertainty:      0.061ns  ((TSJ^2 + TIJ^2)^1/2 + DJ) / 2 + PE
    Total System Jitter     (TSJ):    0.071ns
    Total Input Jitter      (TIJ):    0.100ns
    Discrete Jitter          (DJ):    0.000ns
    Phase Error              (PE):    0.000ns

    Location             Delay type                Incr(ns)  Path(ns)    Netlist Resource(s)
  -------------------------------------------------------------------    -------------------
                         (clock clk rise edge)        0.000     0.000 r  
    H16                                               0.000     0.000 r  CLK (IN)
                         net (fo=0)                   0.000     0.000    CLK
    H16                  IBUF (Prop_ibuf_I_O)         1.457     1.457 r  CLK_IBUF_inst/O
                         net (fo=1, routed)           2.076     3.533    CLK_IBUF
    BUFGCTRL_X0Y16       BUFG (Prop_bufg_I_O)         0.101     3.634 r  CLK_IBUF_BUFG_inst/O
                         net (fo=137, routed)         1.739     5.373    seg_disp_driver_i/CLK
    SLICE_X43Y57         FDRE                                         r  seg_disp_driver_i/FSM_sequential_pres_st_seg_mux_reg[0]/C
  -------------------------------------------------------------------    -------------------
    SLICE_X43Y57         FDRE (Prop_fdre_C_Q)         0.419     5.792 r  seg_disp_driver_i/FSM_sequential_pres_st_seg_mux_reg[0]/Q
                         net (fo=15, routed)          1.167     6.959    seg_disp_driver_i/pres_st_seg_mux[0]
    SLICE_X42Y58         LUT6 (Prop_lut6_I3_O)        0.299     7.258 r  seg_disp_driver_i/DISP_SEG[6]_i_6/O
                         net (fo=1, routed)           0.701     7.959    seg_disp_driver_i/DISP_SEG[6]_i_6_n_0
    SLICE_X43Y58         LUT5 (Prop_lut5_I4_O)        0.124     8.083 r  seg_disp_driver_i/DISP_SEG[6]_i_2/O
                         net (fo=7, routed)           0.831     8.914    seg_disp_driver_i/bin_value[3]
    SLICE_X42Y57         LUT4 (Prop_lut4_I0_O)        0.124     9.038 r  seg_disp_driver_i/DISP_SEG[5]_i_1/O
                         net (fo=1, routed)           0.000     9.038    seg_disp_driver_i/disp_seg_num[5]
    SLICE_X42Y57         FDRE                                         r  seg_disp_driver_i/DISP_SEG_reg[5]/D
  -------------------------------------------------------------------    -------------------

                         (clock clk rise edge)       20.000    20.000 r  
    H16                                               0.000    20.000 r  CLK (IN)
                         net (fo=0)                   0.000    20.000    CLK
    H16                  IBUF (Prop_ibuf_I_O)         1.387    21.387 r  CLK_IBUF_inst/O
                         net (fo=1, routed)           1.880    23.267    CLK_IBUF
    BUFGCTRL_X0Y16       BUFG (Prop_bufg_I_O)         0.091    23.358 r  CLK_IBUF_BUFG_inst/O
                         net (fo=137, routed)         1.562    24.920    seg_disp_driver_i/CLK
    SLICE_X42Y57         FDRE                                         r  seg_disp_driver_i/DISP_SEG_reg[5]/C
                         clock pessimism              0.432    25.351    
                         clock uncertainty           -0.061    25.290    
    SLICE_X42Y57         FDRE (Setup_fdre_C_D)        0.079    25.369    seg_disp_driver_i/DISP_SEG_reg[5]
  -------------------------------------------------------------------
                         required time                         25.369    
                         arrival time                          -9.038    
  -------------------------------------------------------------------
                         slack                                 16.331    

Slack (MET) :             16.336ns  (required time - arrival time)
  Source:                 seg_disp_driver_i/FSM_sequential_pres_st_seg_mux_reg[0]/C
                            (rising edge-triggered cell FDRE clocked by clk  {rise@0.000ns fall@10.000ns period=20.000ns})
  Destination:            seg_disp_driver_i/DISP_SEG_reg[1]/D
                            (rising edge-triggered cell FDRE clocked by clk  {rise@0.000ns fall@10.000ns period=20.000ns})
  Path Group:             clk
  Path Type:              Setup (Max at Slow Process Corner)
  Requirement:            20.000ns  (clk rise@20.000ns - clk rise@0.000ns)
  Data Path Delay:        3.660ns  (logic 0.966ns (26.393%)  route 2.694ns (73.607%))
  Logic Levels:           3  (LUT5=2 LUT6=1)
  Clock Path Skew:        -0.024ns (DCD - SCD + CPR)
    Destination Clock Delay (DCD):    4.921ns = ( 24.921 - 20.000 ) 
    Source Clock Delay      (SCD):    5.373ns
    Clock Pessimism Removal (CPR):    0.429ns
  Clock Uncertainty:      0.061ns  ((TSJ^2 + TIJ^2)^1/2 + DJ) / 2 + PE
    Total System Jitter     (TSJ):    0.071ns
    Total Input Jitter      (TIJ):    0.100ns
    Discrete Jitter          (DJ):    0.000ns
    Phase Error              (PE):    0.000ns

    Location             Delay type                Incr(ns)  Path(ns)    Netlist Resource(s)
  -------------------------------------------------------------------    -------------------
                         (clock clk rise edge)        0.000     0.000 r  
    H16                                               0.000     0.000 r  CLK (IN)
                         net (fo=0)                   0.000     0.000    CLK
    H16                  IBUF (Prop_ibuf_I_O)         1.457     1.457 r  CLK_IBUF_inst/O
                         net (fo=1, routed)           2.076     3.533    CLK_IBUF
    BUFGCTRL_X0Y16       BUFG (Prop_bufg_I_O)         0.101     3.634 r  CLK_IBUF_BUFG_inst/O
                         net (fo=137, routed)         1.739     5.373    seg_disp_driver_i/CLK
    SLICE_X43Y57         FDRE                                         r  seg_disp_driver_i/FSM_sequential_pres_st_seg_mux_reg[0]/C
  -------------------------------------------------------------------    -------------------
    SLICE_X43Y57         FDRE (Prop_fdre_C_Q)         0.419     5.792 r  seg_disp_driver_i/FSM_sequential_pres_st_seg_mux_reg[0]/Q
                         net (fo=15, routed)          1.167     6.959    seg_disp_driver_i/pres_st_seg_mux[0]
    SLICE_X42Y58         LUT6 (Prop_lut6_I3_O)        0.299     7.258 r  seg_disp_driver_i/DISP_SEG[6]_i_6/O
                         net (fo=1, routed)           0.701     7.959    seg_disp_driver_i/DISP_SEG[6]_i_6_n_0
    SLICE_X43Y58         LUT5 (Prop_lut5_I4_O)        0.124     8.083 r  seg_disp_driver_i/DISP_SEG[6]_i_2/O
                         net (fo=7, routed)           0.826     8.909    seg_disp_driver_i/bin_value[3]
    SLICE_X42Y56         LUT5 (Prop_lut5_I1_O)        0.124     9.033 r  seg_disp_driver_i/DISP_SEG[1]_i_1/O
                         net (fo=1, routed)           0.000     9.033    seg_disp_driver_i/DISP_SEG[1]_i_1_n_0
    SLICE_X42Y56         FDRE                                         r  seg_disp_driver_i/DISP_SEG_reg[1]/D
  -------------------------------------------------------------------    -------------------

                         (clock clk rise edge)       20.000    20.000 r  
    H16                                               0.000    20.000 r  CLK (IN)
                         net (fo=0)                   0.000    20.000    CLK
    H16                  IBUF (Prop_ibuf_I_O)         1.387    21.387 r  CLK_IBUF_inst/O
                         net (fo=1, routed)           1.880    23.267    CLK_IBUF
    BUFGCTRL_X0Y16       BUFG (Prop_bufg_I_O)         0.091    23.358 r  CLK_IBUF_BUFG_inst/O
                         net (fo=137, routed)         1.563    24.921    seg_disp_driver_i/CLK
    SLICE_X42Y56         FDRE                                         r  seg_disp_driver_i/DISP_SEG_reg[1]/C
                         clock pessimism              0.429    25.349    
                         clock uncertainty           -0.061    25.288    
    SLICE_X42Y56         FDRE (Setup_fdre_C_D)        0.081    25.369    seg_disp_driver_i/DISP_SEG_reg[1]
  -------------------------------------------------------------------
                         required time                         25.369    
                         arrival time                          -9.033    
  -------------------------------------------------------------------
                         slack                                 16.336    





Min Delay Paths
--------------------------------------------------------------------------------------
Slack (MET) :             0.144ns  (arrival time - required time)
  Source:                 btn_in_s_s_i/debouncer_i/BTN_OUT_reg/C
                            (rising edge-triggered cell FDRE clocked by clk  {rise@0.000ns fall@10.000ns period=20.000ns})
  Destination:            btn_in_s_s_i/edge_detector_i/sig_in_del_reg/D
                            (rising edge-triggered cell FDRE clocked by clk  {rise@0.000ns fall@10.000ns period=20.000ns})
  Path Group:             clk
  Path Type:              Hold (Min at Fast Process Corner)
  Requirement:            0.000ns  (clk rise@0.000ns - clk rise@0.000ns)
  Data Path Delay:        0.219ns  (logic 0.141ns (64.352%)  route 0.078ns (35.648%))
  Logic Levels:           0  
  Clock Path Skew:        0.000ns (DCD - SCD - CPR)
    Destination Clock Delay (DCD):    1.980ns
    Source Clock Delay      (SCD):    1.463ns
    Clock Pessimism Removal (CPR):    0.517ns

    Location             Delay type                Incr(ns)  Path(ns)    Netlist Resource(s)
  -------------------------------------------------------------------    -------------------
                         (clock clk rise edge)        0.000     0.000 r  
    H16                                               0.000     0.000 r  CLK (IN)
                         net (fo=0)                   0.000     0.000    CLK
    H16                  IBUF (Prop_ibuf_I_O)         0.225     0.225 r  CLK_IBUF_inst/O
                         net (fo=1, routed)           0.627     0.852    CLK_IBUF
    BUFGCTRL_X0Y16       BUFG (Prop_bufg_I_O)         0.026     0.878 r  CLK_IBUF_BUFG_inst/O
                         net (fo=137, routed)         0.585     1.463    btn_in_s_s_i/debouncer_i/CLK
    SLICE_X39Y59         FDRE                                         r  btn_in_s_s_i/debouncer_i/BTN_OUT_reg/C
  -------------------------------------------------------------------    -------------------
    SLICE_X39Y59         FDRE (Prop_fdre_C_Q)         0.141     1.604 r  btn_in_s_s_i/debouncer_i/BTN_OUT_reg/Q
                         net (fo=3, routed)           0.078     1.682    btn_in_s_s_i/edge_detector_i/sig_in_del_reg_0
    SLICE_X39Y59         FDRE                                         r  btn_in_s_s_i/edge_detector_i/sig_in_del_reg/D
  -------------------------------------------------------------------    -------------------

                         (clock clk rise edge)        0.000     0.000 r  
    H16                                               0.000     0.000 r  CLK (IN)
                         net (fo=0)                   0.000     0.000    CLK
    H16                  IBUF (Prop_ibuf_I_O)         0.413     0.413 r  CLK_IBUF_inst/O
                         net (fo=1, routed)           0.683     1.096    CLK_IBUF
    BUFGCTRL_X0Y16       BUFG (Prop_bufg_I_O)         0.029     1.125 r  CLK_IBUF_BUFG_inst/O
                         net (fo=137, routed)         0.855     1.980    btn_in_s_s_i/edge_detector_i/CLK
    SLICE_X39Y59         FDRE                                         r  btn_in_s_s_i/edge_detector_i/sig_in_del_reg/C
                         clock pessimism             -0.517     1.463    
    SLICE_X39Y59         FDRE (Hold_fdre_C_D)         0.075     1.538    btn_in_s_s_i/edge_detector_i/sig_in_del_reg
  -------------------------------------------------------------------
                         required time                         -1.538    
                         arrival time                           1.682    
  -------------------------------------------------------------------
                         slack                                  0.144    

Slack (MET) :             0.144ns  (arrival time - required time)
  Source:                 btn_uart_i/debouncer_i/BTN_OUT_reg/C
                            (rising edge-triggered cell FDRE clocked by clk  {rise@0.000ns fall@10.000ns period=20.000ns})
  Destination:            btn_uart_i/edge_detector_i/sig_in_del_reg/D
                            (rising edge-triggered cell FDRE clocked by clk  {rise@0.000ns fall@10.000ns period=20.000ns})
  Path Group:             clk
  Path Type:              Hold (Min at Fast Process Corner)
  Requirement:            0.000ns  (clk rise@0.000ns - clk rise@0.000ns)
  Data Path Delay:        0.219ns  (logic 0.141ns (64.352%)  route 0.078ns (35.648%))
  Logic Levels:           0  
  Clock Path Skew:        0.000ns (DCD - SCD - CPR)
    Destination Clock Delay (DCD):    1.979ns
    Source Clock Delay      (SCD):    1.462ns
    Clock Pessimism Removal (CPR):    0.517ns

    Location             Delay type                Incr(ns)  Path(ns)    Netlist Resource(s)
  -------------------------------------------------------------------    -------------------
                         (clock clk rise edge)        0.000     0.000 r  
    H16                                               0.000     0.000 r  CLK (IN)
                         net (fo=0)                   0.000     0.000    CLK
    H16                  IBUF (Prop_ibuf_I_O)         0.225     0.225 r  CLK_IBUF_inst/O
                         net (fo=1, routed)           0.627     0.852    CLK_IBUF
    BUFGCTRL_X0Y16       BUFG (Prop_bufg_I_O)         0.026     0.878 r  CLK_IBUF_BUFG_inst/O
                         net (fo=137, routed)         0.584     1.462    btn_uart_i/debouncer_i/CLK
    SLICE_X39Y60         FDRE                                         r  btn_uart_i/debouncer_i/BTN_OUT_reg/C
  -------------------------------------------------------------------    -------------------
    SLICE_X39Y60         FDRE (Prop_fdre_C_Q)         0.141     1.603 r  btn_uart_i/debouncer_i/BTN_OUT_reg/Q
                         net (fo=3, routed)           0.078     1.681    btn_uart_i/edge_detector_i/sig_in_del_reg_0
    SLICE_X39Y60         FDRE                                         r  btn_uart_i/edge_detector_i/sig_in_del_reg/D
  -------------------------------------------------------------------    -------------------

                         (clock clk rise edge)        0.000     0.000 r  
    H16                                               0.000     0.000 r  CLK (IN)
                         net (fo=0)                   0.000     0.000    CLK
    H16                  IBUF (Prop_ibuf_I_O)         0.413     0.413 r  CLK_IBUF_inst/O
                         net (fo=1, routed)           0.683     1.096    CLK_IBUF
    BUFGCTRL_X0Y16       BUFG (Prop_bufg_I_O)         0.029     1.125 r  CLK_IBUF_BUFG_inst/O
                         net (fo=137, routed)         0.854     1.979    btn_uart_i/edge_detector_i/CLK
    SLICE_X39Y60         FDRE                                         r  btn_uart_i/edge_detector_i/sig_in_del_reg/C
                         clock pessimism             -0.517     1.462    
    SLICE_X39Y60         FDRE (Hold_fdre_C_D)         0.075     1.537    btn_uart_i/edge_detector_i/sig_in_del_reg
  -------------------------------------------------------------------
                         required time                         -1.537    
                         arrival time                           1.681    
  -------------------------------------------------------------------
                         slack                                  0.144    

Slack (MET) :             0.151ns  (arrival time - required time)
  Source:                 btn_in_l_c_i/debouncer_i/shreg_reg[3]/C
                            (rising edge-triggered cell FDRE clocked by clk  {rise@0.000ns fall@10.000ns period=20.000ns})
  Destination:            btn_in_l_c_i/debouncer_i/BTN_OUT_reg/D
                            (rising edge-triggered cell FDRE clocked by clk  {rise@0.000ns fall@10.000ns period=20.000ns})
  Path Group:             clk
  Path Type:              Hold (Min at Fast Process Corner)
  Requirement:            0.000ns  (clk rise@0.000ns - clk rise@0.000ns)
  Data Path Delay:        0.287ns  (logic 0.186ns (64.769%)  route 0.101ns (35.231%))
  Logic Levels:           1  (LUT5=1)
  Clock Path Skew:        0.016ns (DCD - SCD - CPR)
    Destination Clock Delay (DCD):    1.981ns
    Source Clock Delay      (SCD):    1.464ns
    Clock Pessimism Removal (CPR):    0.501ns

    Location             Delay type                Incr(ns)  Path(ns)    Netlist Resource(s)
  -------------------------------------------------------------------    -------------------
                         (clock clk rise edge)        0.000     0.000 r  
    H16                                               0.000     0.000 r  CLK (IN)
                         net (fo=0)                   0.000     0.000    CLK
    H16                  IBUF (Prop_ibuf_I_O)         0.225     0.225 r  CLK_IBUF_inst/O
                         net (fo=1, routed)           0.627     0.852    CLK_IBUF
    BUFGCTRL_X0Y16       BUFG (Prop_bufg_I_O)         0.026     0.878 r  CLK_IBUF_BUFG_inst/O
                         net (fo=137, routed)         0.586     1.464    btn_in_l_c_i/debouncer_i/CLK
    SLICE_X37Y54         FDRE                                         r  btn_in_l_c_i/debouncer_i/shreg_reg[3]/C
  -------------------------------------------------------------------    -------------------
    SLICE_X37Y54         FDRE (Prop_fdre_C_Q)         0.141     1.605 r  btn_in_l_c_i/debouncer_i/shreg_reg[3]/Q
                         net (fo=1, routed)           0.101     1.706    btn_in_l_c_i/debouncer_i/shreg[3]
    SLICE_X38Y54         LUT5 (Prop_lut5_I4_O)        0.045     1.751 r  btn_in_l_c_i/debouncer_i/BTN_OUT_i_1__0/O
                         net (fo=1, routed)           0.000     1.751    btn_in_l_c_i/debouncer_i/BTN_OUT_i_1__0_n_0
    SLICE_X38Y54         FDRE                                         r  btn_in_l_c_i/debouncer_i/BTN_OUT_reg/D
  -------------------------------------------------------------------    -------------------

                         (clock clk rise edge)        0.000     0.000 r  
    H16                                               0.000     0.000 r  CLK (IN)
                         net (fo=0)                   0.000     0.000    CLK
    H16                  IBUF (Prop_ibuf_I_O)         0.413     0.413 r  CLK_IBUF_inst/O
                         net (fo=1, routed)           0.683     1.096    CLK_IBUF
    BUFGCTRL_X0Y16       BUFG (Prop_bufg_I_O)         0.029     1.125 r  CLK_IBUF_BUFG_inst/O
                         net (fo=137, routed)         0.856     1.981    btn_in_l_c_i/debouncer_i/CLK
    SLICE_X38Y54         FDRE                                         r  btn_in_l_c_i/debouncer_i/BTN_OUT_reg/C
                         clock pessimism             -0.501     1.480    
    SLICE_X38Y54         FDRE (Hold_fdre_C_D)         0.120     1.600    btn_in_l_c_i/debouncer_i/BTN_OUT_reg
  -------------------------------------------------------------------
                         required time                         -1.600    
                         arrival time                           1.751    
  -------------------------------------------------------------------
                         slack                                  0.151    

Slack (MET) :             0.167ns  (arrival time - required time)
  Source:                 bcd_counter_i/sig_cnt_3_reg[0]/C
                            (rising edge-triggered cell FDRE clocked by clk  {rise@0.000ns fall@10.000ns period=20.000ns})
  Destination:            bcd_counter_i/CNT_3_reg[0]/D
                            (rising edge-triggered cell FDRE clocked by clk  {rise@0.000ns fall@10.000ns period=20.000ns})
  Path Group:             clk
  Path Type:              Hold (Min at Fast Process Corner)
  Requirement:            0.000ns  (clk rise@0.000ns - clk rise@0.000ns)
  Data Path Delay:        0.253ns  (logic 0.141ns (55.730%)  route 0.112ns (44.270%))
  Logic Levels:           0  
  Clock Path Skew:        0.016ns (DCD - SCD - CPR)
    Destination Clock Delay (DCD):    1.982ns
    Source Clock Delay      (SCD):    1.465ns
    Clock Pessimism Removal (CPR):    0.501ns

    Location             Delay type                Incr(ns)  Path(ns)    Netlist Resource(s)
  -------------------------------------------------------------------    -------------------
                         (clock clk rise edge)        0.000     0.000 r  
    H16                                               0.000     0.000 r  CLK (IN)
                         net (fo=0)                   0.000     0.000    CLK
    H16                  IBUF (Prop_ibuf_I_O)         0.225     0.225 r  CLK_IBUF_inst/O
                         net (fo=1, routed)           0.627     0.852    CLK_IBUF
    BUFGCTRL_X0Y16       BUFG (Prop_bufg_I_O)         0.026     0.878 r  CLK_IBUF_BUFG_inst/O
                         net (fo=137, routed)         0.587     1.465    bcd_counter_i/CLK
    SLICE_X43Y59         FDRE                                         r  bcd_counter_i/sig_cnt_3_reg[0]/C
  -------------------------------------------------------------------    -------------------
    SLICE_X43Y59         FDRE (Prop_fdre_C_Q)         0.141     1.606 r  bcd_counter_i/sig_cnt_3_reg[0]/Q
                         net (fo=5, routed)           0.112     1.718    bcd_counter_i/sig_cnt_3_reg_n_0_[0]
    SLICE_X43Y58         FDRE                                         r  bcd_counter_i/CNT_3_reg[0]/D
  -------------------------------------------------------------------    -------------------

                         (clock clk rise edge)        0.000     0.000 r  
    H16                                               0.000     0.000 r  CLK (IN)
                         net (fo=0)                   0.000     0.000    CLK
    H16                  IBUF (Prop_ibuf_I_O)         0.413     0.413 r  CLK_IBUF_inst/O
                         net (fo=1, routed)           0.683     1.096    CLK_IBUF
    BUFGCTRL_X0Y16       BUFG (Prop_bufg_I_O)         0.029     1.125 r  CLK_IBUF_BUFG_inst/O
                         net (fo=137, routed)         0.857     1.982    bcd_counter_i/CLK
    SLICE_X43Y58         FDRE                                         r  bcd_counter_i/CNT_3_reg[0]/C
                         clock pessimism             -0.501     1.481    
    SLICE_X43Y58         FDRE (Hold_fdre_C_D)         0.070     1.551    bcd_counter_i/CNT_3_reg[0]
  -------------------------------------------------------------------
                         required time                         -1.551    
                         arrival time                           1.718    
  -------------------------------------------------------------------
                         slack                                  0.167    

Slack (MET) :             0.187ns  (arrival time - required time)
  Source:                 btn_uart_i/debouncer_i/shreg_reg[2]/C
                            (rising edge-triggered cell FDRE clocked by clk  {rise@0.000ns fall@10.000ns period=20.000ns})
  Destination:            btn_uart_i/debouncer_i/BTN_OUT_reg/D
                            (rising edge-triggered cell FDRE clocked by clk  {rise@0.000ns fall@10.000ns period=20.000ns})
  Path Group:             clk
  Path Type:              Hold (Min at Fast Process Corner)
  Requirement:            0.000ns  (clk rise@0.000ns - clk rise@0.000ns)
  Data Path Delay:        0.312ns  (logic 0.186ns (59.708%)  route 0.126ns (40.292%))
  Logic Levels:           1  (LUT5=1)
  Clock Path Skew:        0.034ns (DCD - SCD - CPR)
    Destination Clock Delay (DCD):    1.979ns
    Source Clock Delay      (SCD):    1.464ns
    Clock Pessimism Removal (CPR):    0.481ns

    Location             Delay type                Incr(ns)  Path(ns)    Netlist Resource(s)
  -------------------------------------------------------------------    -------------------
                         (clock clk rise edge)        0.000     0.000 r  
    H16                                               0.000     0.000 r  CLK (IN)
                         net (fo=0)                   0.000     0.000    CLK
    H16                  IBUF (Prop_ibuf_I_O)         0.225     0.225 r  CLK_IBUF_inst/O
                         net (fo=1, routed)           0.627     0.852    CLK_IBUF
    BUFGCTRL_X0Y16       BUFG (Prop_bufg_I_O)         0.026     0.878 r  CLK_IBUF_BUFG_inst/O
                         net (fo=137, routed)         0.586     1.464    btn_uart_i/debouncer_i/CLK
    SLICE_X40Y60         FDRE                                         r  btn_uart_i/debouncer_i/shreg_reg[2]/C
  -------------------------------------------------------------------    -------------------
    SLICE_X40Y60         FDRE (Prop_fdre_C_Q)         0.141     1.605 r  btn_uart_i/debouncer_i/shreg_reg[2]/Q
                         net (fo=2, routed)           0.126     1.731    btn_uart_i/debouncer_i/shreg[2]
    SLICE_X39Y60         LUT5 (Prop_lut5_I3_O)        0.045     1.776 r  btn_uart_i/debouncer_i/BTN_OUT_i_1__1/O
                         net (fo=1, routed)           0.000     1.776    btn_uart_i/debouncer_i/BTN_OUT_i_1__1_n_0
    SLICE_X39Y60         FDRE                                         r  btn_uart_i/debouncer_i/BTN_OUT_reg/D
  -------------------------------------------------------------------    -------------------

                         (clock clk rise edge)        0.000     0.000 r  
    H16                                               0.000     0.000 r  CLK (IN)
                         net (fo=0)                   0.000     0.000    CLK
    H16                  IBUF (Prop_ibuf_I_O)         0.413     0.413 r  CLK_IBUF_inst/O
                         net (fo=1, routed)           0.683     1.096    CLK_IBUF
    BUFGCTRL_X0Y16       BUFG (Prop_bufg_I_O)         0.029     1.125 r  CLK_IBUF_BUFG_inst/O
                         net (fo=137, routed)         0.854     1.979    btn_uart_i/debouncer_i/CLK
    SLICE_X39Y60         FDRE                                         r  btn_uart_i/debouncer_i/BTN_OUT_reg/C
                         clock pessimism             -0.481     1.498    
    SLICE_X39Y60         FDRE (Hold_fdre_C_D)         0.091     1.589    btn_uart_i/debouncer_i/BTN_OUT_reg
  -------------------------------------------------------------------
                         required time                         -1.589    
                         arrival time                           1.776    
  -------------------------------------------------------------------
                         slack                                  0.187    

Slack (MET) :             0.188ns  (arrival time - required time)
  Source:                 btn_in_s_s_i/edge_detector_i/sig_in_del_reg/C
                            (rising edge-triggered cell FDRE clocked by clk  {rise@0.000ns fall@10.000ns period=20.000ns})
  Destination:            btn_in_s_s_i/edge_detector_i/EDGE_POS_reg/D
                            (rising edge-triggered cell FDRE clocked by clk  {rise@0.000ns fall@10.000ns period=20.000ns})
  Path Group:             clk
  Path Type:              Hold (Min at Fast Process Corner)
  Requirement:            0.000ns  (clk rise@0.000ns - clk rise@0.000ns)
  Data Path Delay:        0.280ns  (logic 0.227ns (80.953%)  route 0.053ns (19.047%))
  Logic Levels:           1  (LUT2=1)
  Clock Path Skew:        0.000ns (DCD - SCD - CPR)
    Destination Clock Delay (DCD):    1.980ns
    Source Clock Delay      (SCD):    1.463ns
    Clock Pessimism Removal (CPR):    0.517ns

    Location             Delay type                Incr(ns)  Path(ns)    Netlist Resource(s)
  -------------------------------------------------------------------    -------------------
                         (clock clk rise edge)        0.000     0.000 r  
    H16                                               0.000     0.000 r  CLK (IN)
                         net (fo=0)                   0.000     0.000    CLK
    H16                  IBUF (Prop_ibuf_I_O)         0.225     0.225 r  CLK_IBUF_inst/O
                         net (fo=1, routed)           0.627     0.852    CLK_IBUF
    BUFGCTRL_X0Y16       BUFG (Prop_bufg_I_O)         0.026     0.878 r  CLK_IBUF_BUFG_inst/O
                         net (fo=137, routed)         0.585     1.463    btn_in_s_s_i/edge_detector_i/CLK
    SLICE_X39Y59         FDRE                                         r  btn_in_s_s_i/edge_detector_i/sig_in_del_reg/C
  -------------------------------------------------------------------    -------------------
    SLICE_X39Y59         FDRE (Prop_fdre_C_Q)         0.128     1.591 f  btn_in_s_s_i/edge_detector_i/sig_in_del_reg/Q
                         net (fo=1, routed)           0.053     1.644    btn_in_s_s_i/debouncer_i/sig_in_del
    SLICE_X39Y59         LUT2 (Prop_lut2_I1_O)        0.099     1.743 r  btn_in_s_s_i/debouncer_i/EDGE_POS_i_1/O
                         net (fo=1, routed)           0.000     1.743    btn_in_s_s_i/edge_detector_i/EDGE_POS0
    SLICE_X39Y59         FDRE                                         r  btn_in_s_s_i/edge_detector_i/EDGE_POS_reg/D
  -------------------------------------------------------------------    -------------------

                         (clock clk rise edge)        0.000     0.000 r  
    H16                                               0.000     0.000 r  CLK (IN)
                         net (fo=0)                   0.000     0.000    CLK
    H16                  IBUF (Prop_ibuf_I_O)         0.413     0.413 r  CLK_IBUF_inst/O
                         net (fo=1, routed)           0.683     1.096    CLK_IBUF
    BUFGCTRL_X0Y16       BUFG (Prop_bufg_I_O)         0.029     1.125 r  CLK_IBUF_BUFG_inst/O
                         net (fo=137, routed)         0.855     1.980    btn_in_s_s_i/edge_detector_i/CLK
    SLICE_X39Y59         FDRE                                         r  btn_in_s_s_i/edge_detector_i/EDGE_POS_reg/C
                         clock pessimism             -0.517     1.463    
    SLICE_X39Y59         FDRE (Hold_fdre_C_D)         0.092     1.555    btn_in_s_s_i/edge_detector_i/EDGE_POS_reg
  -------------------------------------------------------------------
                         required time                         -1.555    
                         arrival time                           1.743    
  -------------------------------------------------------------------
                         slack                                  0.188    

Slack (MET) :             0.188ns  (arrival time - required time)
  Source:                 btn_uart_i/edge_detector_i/sig_in_del_reg/C
                            (rising edge-triggered cell FDRE clocked by clk  {rise@0.000ns fall@10.000ns period=20.000ns})
  Destination:            btn_uart_i/edge_detector_i/EDGE_POS_reg/D
                            (rising edge-triggered cell FDRE clocked by clk  {rise@0.000ns fall@10.000ns period=20.000ns})
  Path Group:             clk
  Path Type:              Hold (Min at Fast Process Corner)
  Requirement:            0.000ns  (clk rise@0.000ns - clk rise@0.000ns)
  Data Path Delay:        0.280ns  (logic 0.227ns (80.953%)  route 0.053ns (19.047%))
  Logic Levels:           1  (LUT2=1)
  Clock Path Skew:        0.000ns (DCD - SCD - CPR)
    Destination Clock Delay (DCD):    1.979ns
    Source Clock Delay      (SCD):    1.462ns
    Clock Pessimism Removal (CPR):    0.517ns

    Location             Delay type                Incr(ns)  Path(ns)    Netlist Resource(s)
  -------------------------------------------------------------------    -------------------
                         (clock clk rise edge)        0.000     0.000 r  
    H16                                               0.000     0.000 r  CLK (IN)
                         net (fo=0)                   0.000     0.000    CLK
    H16                  IBUF (Prop_ibuf_I_O)         0.225     0.225 r  CLK_IBUF_inst/O
                         net (fo=1, routed)           0.627     0.852    CLK_IBUF
    BUFGCTRL_X0Y16       BUFG (Prop_bufg_I_O)         0.026     0.878 r  CLK_IBUF_BUFG_inst/O
                         net (fo=137, routed)         0.584     1.462    btn_uart_i/edge_detector_i/CLK
    SLICE_X39Y60         FDRE                                         r  btn_uart_i/edge_detector_i/sig_in_del_reg/C
  -------------------------------------------------------------------    -------------------
    SLICE_X39Y60         FDRE (Prop_fdre_C_Q)         0.128     1.590 f  btn_uart_i/edge_detector_i/sig_in_del_reg/Q
                         net (fo=1, routed)           0.053     1.643    btn_uart_i/debouncer_i/sig_in_del
    SLICE_X39Y60         LUT2 (Prop_lut2_I1_O)        0.099     1.742 r  btn_uart_i/debouncer_i/EDGE_POS_i_1__1/O
                         net (fo=1, routed)           0.000     1.742    btn_uart_i/edge_detector_i/EDGE_POS0
    SLICE_X39Y60         FDRE                                         r  btn_uart_i/edge_detector_i/EDGE_POS_reg/D
  -------------------------------------------------------------------    -------------------

                         (clock clk rise edge)        0.000     0.000 r  
    H16                                               0.000     0.000 r  CLK (IN)
                         net (fo=0)                   0.000     0.000    CLK
    H16                  IBUF (Prop_ibuf_I_O)         0.413     0.413 r  CLK_IBUF_inst/O
                         net (fo=1, routed)           0.683     1.096    CLK_IBUF
    BUFGCTRL_X0Y16       BUFG (Prop_bufg_I_O)         0.029     1.125 r  CLK_IBUF_BUFG_inst/O
                         net (fo=137, routed)         0.854     1.979    btn_uart_i/edge_detector_i/CLK
    SLICE_X39Y60         FDRE                                         r  btn_uart_i/edge_detector_i/EDGE_POS_reg/C
                         clock pessimism             -0.517     1.462    
    SLICE_X39Y60         FDRE (Hold_fdre_C_D)         0.092     1.554    btn_uart_i/edge_detector_i/EDGE_POS_reg
  -------------------------------------------------------------------
                         required time                         -1.554    
                         arrival time                           1.742    
  -------------------------------------------------------------------
                         slack                                  0.188    

Slack (MET) :             0.190ns  (arrival time - required time)
  Source:                 btn_in_l_c_i/edge_detector_i/sig_in_del_reg/C
                            (rising edge-triggered cell FDRE clocked by clk  {rise@0.000ns fall@10.000ns period=20.000ns})
  Destination:            btn_in_l_c_i/edge_detector_i/EDGE_POS_reg/D
                            (rising edge-triggered cell FDRE clocked by clk  {rise@0.000ns fall@10.000ns period=20.000ns})
  Path Group:             clk
  Path Type:              Hold (Min at Fast Process Corner)
  Requirement:            0.000ns  (clk rise@0.000ns - clk rise@0.000ns)
  Data Path Delay:        0.281ns  (logic 0.227ns (80.665%)  route 0.054ns (19.335%))
  Logic Levels:           1  (LUT2=1)
  Clock Path Skew:        0.000ns (DCD - SCD - CPR)
    Destination Clock Delay (DCD):    1.982ns
    Source Clock Delay      (SCD):    1.465ns
    Clock Pessimism Removal (CPR):    0.517ns

    Location             Delay type                Incr(ns)  Path(ns)    Netlist Resource(s)
  -------------------------------------------------------------------    -------------------
                         (clock clk rise edge)        0.000     0.000 r  
    H16                                               0.000     0.000 r  CLK (IN)
                         net (fo=0)                   0.000     0.000    CLK
    H16                  IBUF (Prop_ibuf_I_O)         0.225     0.225 r  CLK_IBUF_inst/O
                         net (fo=1, routed)           0.627     0.852    CLK_IBUF
    BUFGCTRL_X0Y16       BUFG (Prop_bufg_I_O)         0.026     0.878 r  CLK_IBUF_BUFG_inst/O
                         net (fo=137, routed)         0.587     1.465    btn_in_l_c_i/edge_detector_i/CLK
    SLICE_X41Y57         FDRE                                         r  btn_in_l_c_i/edge_detector_i/sig_in_del_reg/C
  -------------------------------------------------------------------    -------------------
    SLICE_X41Y57         FDRE (Prop_fdre_C_Q)         0.128     1.593 f  btn_in_l_c_i/edge_detector_i/sig_in_del_reg/Q
                         net (fo=1, routed)           0.054     1.647    btn_in_l_c_i/debouncer_i/sig_in_del
    SLICE_X41Y57         LUT2 (Prop_lut2_I1_O)        0.099     1.746 r  btn_in_l_c_i/debouncer_i/EDGE_POS_i_1__0/O
                         net (fo=1, routed)           0.000     1.746    btn_in_l_c_i/edge_detector_i/EDGE_POS0
    SLICE_X41Y57         FDRE                                         r  btn_in_l_c_i/edge_detector_i/EDGE_POS_reg/D
  -------------------------------------------------------------------    -------------------

                         (clock clk rise edge)        0.000     0.000 r  
    H16                                               0.000     0.000 r  CLK (IN)
                         net (fo=0)                   0.000     0.000    CLK
    H16                  IBUF (Prop_ibuf_I_O)         0.413     0.413 r  CLK_IBUF_inst/O
                         net (fo=1, routed)           0.683     1.096    CLK_IBUF
    BUFGCTRL_X0Y16       BUFG (Prop_bufg_I_O)         0.029     1.125 r  CLK_IBUF_BUFG_inst/O
                         net (fo=137, routed)         0.857     1.982    btn_in_l_c_i/edge_detector_i/CLK
    SLICE_X41Y57         FDRE                                         r  btn_in_l_c_i/edge_detector_i/EDGE_POS_reg/C
                         clock pessimism             -0.517     1.465    
    SLICE_X41Y57         FDRE (Hold_fdre_C_D)         0.091     1.556    btn_in_l_c_i/edge_detector_i/EDGE_POS_reg
  -------------------------------------------------------------------
                         required time                         -1.556    
                         arrival time                           1.746    
  -------------------------------------------------------------------
                         slack                                  0.190    

Slack (MET) :             0.192ns  (arrival time - required time)
  Source:                 bcd_counter_i/sig_cnt_2_reg[2]/C
                            (rising edge-triggered cell FDRE clocked by clk  {rise@0.000ns fall@10.000ns period=20.000ns})
  Destination:            bcd_counter_i/CNT_2_reg[2]/D
                            (rising edge-triggered cell FDRE clocked by clk  {rise@0.000ns fall@10.000ns period=20.000ns})
  Path Group:             clk
  Path Type:              Hold (Min at Fast Process Corner)
  Requirement:            0.000ns  (clk rise@0.000ns - clk rise@0.000ns)
  Data Path Delay:        0.278ns  (logic 0.141ns (50.712%)  route 0.137ns (49.288%))
  Logic Levels:           0  
  Clock Path Skew:        0.016ns (DCD - SCD - CPR)
    Destination Clock Delay (DCD):    1.982ns
    Source Clock Delay      (SCD):    1.465ns
    Clock Pessimism Removal (CPR):    0.501ns

    Location             Delay type                Incr(ns)  Path(ns)    Netlist Resource(s)
  -------------------------------------------------------------------    -------------------
                         (clock clk rise edge)        0.000     0.000 r  
    H16                                               0.000     0.000 r  CLK (IN)
                         net (fo=0)                   0.000     0.000    CLK
    H16                  IBUF (Prop_ibuf_I_O)         0.225     0.225 r  CLK_IBUF_inst/O
                         net (fo=1, routed)           0.627     0.852    CLK_IBUF
    BUFGCTRL_X0Y16       BUFG (Prop_bufg_I_O)         0.026     0.878 r  CLK_IBUF_BUFG_inst/O
                         net (fo=137, routed)         0.587     1.465    bcd_counter_i/CLK
    SLICE_X40Y58         FDRE                                         r  bcd_counter_i/sig_cnt_2_reg[2]/C
  -------------------------------------------------------------------    -------------------
    SLICE_X40Y58         FDRE (Prop_fdre_C_Q)         0.141     1.606 r  bcd_counter_i/sig_cnt_2_reg[2]/Q
                         net (fo=5, routed)           0.137     1.743    bcd_counter_i/sig_cnt_2_reg_n_0_[2]
    SLICE_X40Y57         FDRE                                         r  bcd_counter_i/CNT_2_reg[2]/D
  -------------------------------------------------------------------    -------------------

                         (clock clk rise edge)        0.000     0.000 r  
    H16                                               0.000     0.000 r  CLK (IN)
                         net (fo=0)                   0.000     0.000    CLK
    H16                  IBUF (Prop_ibuf_I_O)         0.413     0.413 r  CLK_IBUF_inst/O
                         net (fo=1, routed)           0.683     1.096    CLK_IBUF
    BUFGCTRL_X0Y16       BUFG (Prop_bufg_I_O)         0.029     1.125 r  CLK_IBUF_BUFG_inst/O
                         net (fo=137, routed)         0.857     1.982    bcd_counter_i/CLK
    SLICE_X40Y57         FDRE                                         r  bcd_counter_i/CNT_2_reg[2]/C
                         clock pessimism             -0.501     1.481    
    SLICE_X40Y57         FDRE (Hold_fdre_C_D)         0.070     1.551    bcd_counter_i/CNT_2_reg[2]
  -------------------------------------------------------------------
                         required time                         -1.551    
                         arrival time                           1.743    
  -------------------------------------------------------------------
                         slack                                  0.192    

Slack (MET) :             0.203ns  (arrival time - required time)
  Source:                 uart_tx_inst/FSM_onehot_pres_st_reg[4]/C
                            (rising edge-triggered cell FDRE clocked by clk  {rise@0.000ns fall@10.000ns period=20.000ns})
  Destination:            uart_tx_inst/FSM_onehot_pres_st_reg[5]/D
                            (rising edge-triggered cell FDRE clocked by clk  {rise@0.000ns fall@10.000ns period=20.000ns})
  Path Group:             clk
  Path Type:              Hold (Min at Fast Process Corner)
  Requirement:            0.000ns  (clk rise@0.000ns - clk rise@0.000ns)
  Data Path Delay:        0.295ns  (logic 0.164ns (55.516%)  route 0.131ns (44.484%))
  Logic Levels:           0  
  Clock Path Skew:        0.016ns (DCD - SCD - CPR)
    Destination Clock Delay (DCD):    1.979ns
    Source Clock Delay      (SCD):    1.462ns
    Clock Pessimism Removal (CPR):    0.501ns

    Location             Delay type                Incr(ns)  Path(ns)    Netlist Resource(s)
  -------------------------------------------------------------------    -------------------
                         (clock clk rise edge)        0.000     0.000 r  
    H16                                               0.000     0.000 r  CLK (IN)
                         net (fo=0)                   0.000     0.000    CLK
    H16                  IBUF (Prop_ibuf_I_O)         0.225     0.225 r  CLK_IBUF_inst/O
                         net (fo=1, routed)           0.627     0.852    CLK_IBUF
    BUFGCTRL_X0Y16       BUFG (Prop_bufg_I_O)         0.026     0.878 r  CLK_IBUF_BUFG_inst/O
                         net (fo=137, routed)         0.584     1.462    uart_tx_inst/CLK
    SLICE_X38Y60         FDRE                                         r  uart_tx_inst/FSM_onehot_pres_st_reg[4]/C
  -------------------------------------------------------------------    -------------------
    SLICE_X38Y60         FDRE (Prop_fdre_C_Q)         0.164     1.626 r  uart_tx_inst/FSM_onehot_pres_st_reg[4]/Q
                         net (fo=3, routed)           0.131     1.757    uart_tx_inst/FSM_onehot_pres_st_reg_n_0_[4]
    SLICE_X38Y61         FDRE                                         r  uart_tx_inst/FSM_onehot_pres_st_reg[5]/D
  -------------------------------------------------------------------    -------------------

                         (clock clk rise edge)        0.000     0.000 r  
    H16                                               0.000     0.000 r  CLK (IN)
                         net (fo=0)                   0.000     0.000    CLK
    H16                  IBUF (Prop_ibuf_I_O)         0.413     0.413 r  CLK_IBUF_inst/O
                         net (fo=1, routed)           0.683     1.096    CLK_IBUF
    BUFGCTRL_X0Y16       BUFG (Prop_bufg_I_O)         0.029     1.125 r  CLK_IBUF_BUFG_inst/O
                         net (fo=137, routed)         0.854     1.979    uart_tx_inst/CLK
    SLICE_X38Y61         FDRE                                         r  uart_tx_inst/FSM_onehot_pres_st_reg[5]/C
                         clock pessimism             -0.501     1.478    
    SLICE_X38Y61         FDRE (Hold_fdre_C_D)         0.076     1.554    uart_tx_inst/FSM_onehot_pres_st_reg[5]
  -------------------------------------------------------------------
                         required time                         -1.554    
                         arrival time                           1.757    
  -------------------------------------------------------------------
                         slack                                  0.203    





Pulse Width Checks
--------------------------------------------------------------------------------------
Clock Name:         clk
Waveform(ns):       { 0.000 10.000 }
Period(ns):         20.000
Sources:            { CLK }

Check Type        Corner  Lib Pin  Reference Pin  Required(ns)  Actual(ns)  Slack(ns)  Location        Pin
Min Period        n/a     BUFG/I   n/a            2.155         20.000      17.845     BUFGCTRL_X0Y16  CLK_IBUF_BUFG_inst/I
Min Period        n/a     FDRE/C   n/a            1.000         20.000      19.000     SLICE_X43Y58    bcd_counter_i/CNT_0_reg[0]/C
Min Period        n/a     FDRE/C   n/a            1.000         20.000      19.000     SLICE_X42Y58    bcd_counter_i/CNT_0_reg[1]/C
Min Period        n/a     FDRE/C   n/a            1.000         20.000      19.000     SLICE_X43Y58    bcd_counter_i/CNT_0_reg[2]/C
Min Period        n/a     FDRE/C   n/a            1.000         20.000      19.000     SLICE_X42Y58    bcd_counter_i/CNT_0_reg[3]/C
Min Period        n/a     FDRE/C   n/a            1.000         20.000      19.000     SLICE_X40Y59    bcd_counter_i/CNT_1_reg[0]/C
Min Period        n/a     FDRE/C   n/a            1.000         20.000      19.000     SLICE_X42Y58    bcd_counter_i/CNT_1_reg[1]/C
Min Period        n/a     FDRE/C   n/a            1.000         20.000      19.000     SLICE_X41Y58    bcd_counter_i/CNT_1_reg[2]/C
Min Period        n/a     FDRE/C   n/a            1.000         20.000      19.000     SLICE_X40Y59    bcd_counter_i/CNT_1_reg[3]/C
Min Period        n/a     FDRE/C   n/a            1.000         20.000      19.000     SLICE_X40Y57    bcd_counter_i/CNT_2_reg[0]/C
Low Pulse Width   Slow    FDRE/C   n/a            0.500         10.000      9.500      SLICE_X43Y58    bcd_counter_i/CNT_0_reg[0]/C
Low Pulse Width   Fast    FDRE/C   n/a            0.500         10.000      9.500      SLICE_X43Y58    bcd_counter_i/CNT_0_reg[0]/C
Low Pulse Width   Slow    FDRE/C   n/a            0.500         10.000      9.500      SLICE_X42Y58    bcd_counter_i/CNT_0_reg[1]/C
Low Pulse Width   Fast    FDRE/C   n/a            0.500         10.000      9.500      SLICE_X42Y58    bcd_counter_i/CNT_0_reg[1]/C
Low Pulse Width   Slow    FDRE/C   n/a            0.500         10.000      9.500      SLICE_X43Y58    bcd_counter_i/CNT_0_reg[2]/C
Low Pulse Width   Fast    FDRE/C   n/a            0.500         10.000      9.500      SLICE_X43Y58    bcd_counter_i/CNT_0_reg[2]/C
Low Pulse Width   Slow    FDRE/C   n/a            0.500         10.000      9.500      SLICE_X42Y58    bcd_counter_i/CNT_0_reg[3]/C
Low Pulse Width   Fast    FDRE/C   n/a            0.500         10.000      9.500      SLICE_X42Y58    bcd_counter_i/CNT_0_reg[3]/C
Low Pulse Width   Slow    FDRE/C   n/a            0.500         10.000      9.500      SLICE_X40Y59    bcd_counter_i/CNT_1_reg[0]/C
Low Pulse Width   Fast    FDRE/C   n/a            0.500         10.000      9.500      SLICE_X40Y59    bcd_counter_i/CNT_1_reg[0]/C
High Pulse Width  Slow    FDRE/C   n/a            0.500         10.000      9.500      SLICE_X43Y58    bcd_counter_i/CNT_0_reg[0]/C
High Pulse Width  Fast    FDRE/C   n/a            0.500         10.000      9.500      SLICE_X43Y58    bcd_counter_i/CNT_0_reg[0]/C
High Pulse Width  Slow    FDRE/C   n/a            0.500         10.000      9.500      SLICE_X42Y58    bcd_counter_i/CNT_0_reg[1]/C
High Pulse Width  Fast    FDRE/C   n/a            0.500         10.000      9.500      SLICE_X42Y58    bcd_counter_i/CNT_0_reg[1]/C
High Pulse Width  Slow    FDRE/C   n/a            0.500         10.000      9.500      SLICE_X43Y58    bcd_counter_i/CNT_0_reg[2]/C
High Pulse Width  Fast    FDRE/C   n/a            0.500         10.000      9.500      SLICE_X43Y58    bcd_counter_i/CNT_0_reg[2]/C
High Pulse Width  Slow    FDRE/C   n/a            0.500         10.000      9.500      SLICE_X42Y58    bcd_counter_i/CNT_0_reg[3]/C
High Pulse Width  Fast    FDRE/C   n/a            0.500         10.000      9.500      SLICE_X42Y58    bcd_counter_i/CNT_0_reg[3]/C
High Pulse Width  Slow    FDRE/C   n/a            0.500         10.000      9.500      SLICE_X40Y59    bcd_counter_i/CNT_1_reg[0]/C
High Pulse Width  Fast    FDRE/C   n/a            0.500         10.000      9.500      SLICE_X40Y59    bcd_counter_i/CNT_1_reg[0]/C



