Copyright 1986-2022 Xilinx, Inc. All Rights Reserved. Copyright 2022-2025 Advanced Micro Devices, Inc. All Rights Reserved.
-----------------------------------------------------------------------------------------------------------------------------------------------------------------------------------------
| Tool Version : Vivado v.2025.2 (win64) Build 6299465 Fri Nov 14 19:35:11 GMT 2025
| Date         : Fri Mar 20 09:42:01 2026
| Host         : PC-SC660-29 running 64-bit major release  (build 9200)
| Command      : report_timing_summary -max_paths 10 -file rp_top_timing_summary_routed.rpt -pb rp_top_timing_summary_routed.pb -rpx rp_top_timing_summary_routed.rpx -warn_on_violation
| Design       : rp_top
| Device       : 7z010-clg400
| Speed File   : -1  PRODUCTION 1.12 2019-11-22
| Design State : Routed
-----------------------------------------------------------------------------------------------------------------------------------------------------------------------------------------

Timing Summary Report

------------------------------------------------------------------------------------------------
| Timer Settings
| --------------
------------------------------------------------------------------------------------------------

  Enable Multi Corner Analysis               :  Yes
  Enable Pessimism Removal                   :  Yes
  Pessimism Removal Resolution               :  Nearest Common Node
  Enable Input Delay Default Clock           :  No
  Enable Preset / Clear Arcs                 :  No
  Disable Flight Delays                      :  No
  Ignore I/O Paths                           :  No
  Timing Early Launch at Borrowing Latches   :  No
  Borrow Time for Max Delay Exceptions       :  Yes
  Merge Timing Exceptions                    :  Yes
  Inter-SLR Compensation                     :  Conservative

  Corner  Analyze    Analyze    
  Name    Max Paths  Min Paths  
  ------  ---------  ---------  
  Slow    Yes        Yes        
  Fast    Yes        Yes        


------------------------------------------------------------------------------------------------
| Report Methodology
| ------------------
------------------------------------------------------------------------------------------------

Rule       Severity  Description                    Violations  
---------  --------  -----------------------------  ----------  
TIMING-18  Warning   Missing input or output delay  25          

Note: This report is based on the most recent report_methodology run and may not be up-to-date. Run report_methodology on the current design for the latest report.



check_timing report

Table of Contents
-----------------
1. checking no_clock (0)
2. checking constant_clock (0)
3. checking pulse_width_clock (0)
4. checking unconstrained_internal_endpoints (0)
5. checking no_input_delay (2)
6. checking no_output_delay (21)
7. checking multiple_clock (0)
8. checking generated_clocks (0)
9. checking loops (0)
10. checking partial_input_delay (0)
11. checking partial_output_delay (0)
12. checking latch_loops (0)

1. checking no_clock (0)
------------------------
 There are 0 register/latch pins with no clock.


2. checking constant_clock (0)
------------------------------
 There are 0 register/latch pins with constant_clock.


3. checking pulse_width_clock (0)
---------------------------------
 There are 0 register/latch pins which need pulse_width check


4. checking unconstrained_internal_endpoints (0)
------------------------------------------------
 There are 0 pins that are not constrained for maximum delay.

 There are 0 pins that are not constrained for maximum delay due to constant clock.


5. checking no_input_delay (2)
------------------------------
 There are 2 input ports with no input delay specified. (HIGH)

 There are 0 input ports with no input delay but user has a false path constraint.


6. checking no_output_delay (21)
--------------------------------
 There are 21 ports with no output delay specified. (HIGH)

 There are 0 ports with no output delay but user has a false path constraint

 There are 0 ports with no output delay but with a timing clock defined on it or propagating through it


7. checking multiple_clock (0)
------------------------------
 There are 0 register/latch pins with multiple clocks.


8. checking generated_clocks (0)
--------------------------------
 There are 0 generated clocks that are not connected to a clock source.


9. checking loops (0)
---------------------
 There are 0 combinational loops in the design.


10. checking partial_input_delay (0)
------------------------------------
 There are 0 input ports with partial input delay specified.


11. checking partial_output_delay (0)
-------------------------------------
 There are 0 ports with partial output delay specified.


12. checking latch_loops (0)
----------------------------
 There are 0 combinational latch loops in the design through latch input



------------------------------------------------------------------------------------------------
| Design Timing Summary
| ---------------------
------------------------------------------------------------------------------------------------

    WNS(ns)      TNS(ns)  TNS Failing Endpoints  TNS Total Endpoints      WHS(ns)      THS(ns)  THS Failing Endpoints  THS Total Endpoints     WPWS(ns)     TPWS(ns)  TPWS Failing Endpoints  TPWS Total Endpoints  
    -------      -------  ---------------------  -------------------      -------      -------  ---------------------  -------------------     --------     --------  ----------------------  --------------------  
     15.706        0.000                      0                  210        0.147        0.000                      0                  210        9.500        0.000                       0                   113  


All user specified timing constraints are met.


------------------------------------------------------------------------------------------------
| Clock Summary
| -------------
------------------------------------------------------------------------------------------------

Clock  Waveform(ns)       Period(ns)      Frequency(MHz)
-----  ------------       ----------      --------------
clk    {0.000 10.000}     20.000          50.000          


------------------------------------------------------------------------------------------------
| Intra Clock Table
| -----------------
------------------------------------------------------------------------------------------------

Clock             WNS(ns)      TNS(ns)  TNS Failing Endpoints  TNS Total Endpoints      WHS(ns)      THS(ns)  THS Failing Endpoints  THS Total Endpoints     WPWS(ns)     TPWS(ns)  TPWS Failing Endpoints  TPWS Total Endpoints  
-----             -------      -------  ---------------------  -------------------      -------      -------  ---------------------  -------------------     --------     --------  ----------------------  --------------------  
clk                15.706        0.000                      0                  210        0.147        0.000                      0                  210        9.500        0.000                       0                   113  


------------------------------------------------------------------------------------------------
| Inter Clock Table
| -----------------
------------------------------------------------------------------------------------------------

From Clock    To Clock          WNS(ns)      TNS(ns)  TNS Failing Endpoints  TNS Total Endpoints      WHS(ns)      THS(ns)  THS Failing Endpoints  THS Total Endpoints  
----------    --------          -------      -------  ---------------------  -------------------      -------      -------  ---------------------  -------------------  


------------------------------------------------------------------------------------------------
| Other Path Groups Table
| -----------------------
------------------------------------------------------------------------------------------------

Path Group    From Clock    To Clock          WNS(ns)      TNS(ns)  TNS Failing Endpoints  TNS Total Endpoints      WHS(ns)      THS(ns)  THS Failing Endpoints  THS Total Endpoints  
----------    ----------    --------          -------      -------  ---------------------  -------------------      -------      -------  ---------------------  -------------------  


------------------------------------------------------------------------------------------------
| Timing Details
| --------------
------------------------------------------------------------------------------------------------


---------------------------------------------------------------------------------------------------
From Clock:  clk
  To Clock:  clk

Setup :            0  Failing Endpoints,  Worst Slack       15.706ns,  Total Violation        0.000ns
Hold  :            0  Failing Endpoints,  Worst Slack        0.147ns,  Total Violation        0.000ns
PW    :            0  Failing Endpoints,  Worst Slack        9.500ns,  Total Violation        0.000ns
---------------------------------------------------------------------------------------------------


Max Delay Paths
--------------------------------------------------------------------------------------
Slack (MET) :             15.706ns  (required time - arrival time)
  Source:                 ce_gen_i/clk_counter_reg[16]/C
                            (rising edge-triggered cell FDRE clocked by clk  {rise@0.000ns fall@10.000ns period=20.000ns})
  Destination:            ce_gen_i/clk_counter_reg[13]/R
                            (rising edge-triggered cell FDRE clocked by clk  {rise@0.000ns fall@10.000ns period=20.000ns})
  Path Group:             clk
  Path Type:              Setup (Max at Slow Process Corner)
  Requirement:            20.000ns  (clk rise@20.000ns - clk rise@0.000ns)
  Data Path Delay:        3.804ns  (logic 0.704ns (18.506%)  route 3.100ns (81.494%))
  Logic Levels:           2  (LUT4=1 LUT6=1)
  Clock Path Skew:        0.000ns (DCD - SCD + CPR)
    Destination Clock Delay (DCD):    4.917ns = ( 24.917 - 20.000 ) 
    Source Clock Delay      (SCD):    5.370ns
    Clock Pessimism Removal (CPR):    0.454ns
  Clock Uncertainty:      0.061ns  ((TSJ^2 + TIJ^2)^1/2 + DJ) / 2 + PE
    Total System Jitter     (TSJ):    0.071ns
    Total Input Jitter      (TIJ):    0.100ns
    Discrete Jitter          (DJ):    0.000ns
    Phase Error              (PE):    0.000ns

    Location             Delay type                Incr(ns)  Path(ns)    Netlist Resource(s)
  -------------------------------------------------------------------    -------------------
                         (clock clk rise edge)        0.000     0.000 r  
    H16                                               0.000     0.000 r  CLK (IN)
                         net (fo=0)                   0.000     0.000    CLK
    H16                  IBUF (Prop_ibuf_I_O)         1.457     1.457 r  CLK_IBUF_inst/O
                         net (fo=1, routed)           2.076     3.533    CLK_IBUF
    BUFGCTRL_X0Y16       BUFG (Prop_bufg_I_O)         0.101     3.634 r  CLK_IBUF_BUFG_inst/O
                         net (fo=112, routed)         1.736     5.370    ce_gen_i/CLK
    SLICE_X40Y62         FDRE                                         r  ce_gen_i/clk_counter_reg[16]/C
  -------------------------------------------------------------------    -------------------
    SLICE_X40Y62         FDRE (Prop_fdre_C_Q)         0.456     5.826 r  ce_gen_i/clk_counter_reg[16]/Q
                         net (fo=2, routed)           1.140     6.967    ce_gen_i/clk_counter[16]
    SLICE_X42Y62         LUT6 (Prop_lut6_I1_O)        0.124     7.091 r  ce_gen_i/clk_counter[18]_i_4/O
                         net (fo=1, routed)           0.830     7.921    ce_gen_i/clk_counter[18]_i_4_n_0
    SLICE_X42Y61         LUT4 (Prop_lut4_I3_O)        0.124     8.045 r  ce_gen_i/clk_counter[18]_i_1/O
                         net (fo=20, routed)          1.130     9.174    ce_gen_i/clk_counter[18]_i_1_n_0
    SLICE_X40Y62         FDRE                                         r  ce_gen_i/clk_counter_reg[13]/R
  -------------------------------------------------------------------    -------------------

                         (clock clk rise edge)       20.000    20.000 r  
    H16                                               0.000    20.000 r  CLK (IN)
                         net (fo=0)                   0.000    20.000    CLK
    H16                  IBUF (Prop_ibuf_I_O)         1.387    21.387 r  CLK_IBUF_inst/O
                         net (fo=1, routed)           1.880    23.267    CLK_IBUF
    BUFGCTRL_X0Y16       BUFG (Prop_bufg_I_O)         0.091    23.358 r  CLK_IBUF_BUFG_inst/O
                         net (fo=112, routed)         1.559    24.917    ce_gen_i/CLK
    SLICE_X40Y62         FDRE                                         r  ce_gen_i/clk_counter_reg[13]/C
                         clock pessimism              0.454    25.370    
                         clock uncertainty           -0.061    25.309    
    SLICE_X40Y62         FDRE (Setup_fdre_C_R)       -0.429    24.880    ce_gen_i/clk_counter_reg[13]
  -------------------------------------------------------------------
                         required time                         24.880    
                         arrival time                          -9.174    
  -------------------------------------------------------------------
                         slack                                 15.706    

Slack (MET) :             15.706ns  (required time - arrival time)
  Source:                 ce_gen_i/clk_counter_reg[16]/C
                            (rising edge-triggered cell FDRE clocked by clk  {rise@0.000ns fall@10.000ns period=20.000ns})
  Destination:            ce_gen_i/clk_counter_reg[14]/R
                            (rising edge-triggered cell FDRE clocked by clk  {rise@0.000ns fall@10.000ns period=20.000ns})
  Path Group:             clk
  Path Type:              Setup (Max at Slow Process Corner)
  Requirement:            20.000ns  (clk rise@20.000ns - clk rise@0.000ns)
  Data Path Delay:        3.804ns  (logic 0.704ns (18.506%)  route 3.100ns (81.494%))
  Logic Levels:           2  (LUT4=1 LUT6=1)
  Clock Path Skew:        0.000ns (DCD - SCD + CPR)
    Destination Clock Delay (DCD):    4.917ns = ( 24.917 - 20.000 ) 
    Source Clock Delay      (SCD):    5.370ns
    Clock Pessimism Removal (CPR):    0.454ns
  Clock Uncertainty:      0.061ns  ((TSJ^2 + TIJ^2)^1/2 + DJ) / 2 + PE
    Total System Jitter     (TSJ):    0.071ns
    Total Input Jitter      (TIJ):    0.100ns
    Discrete Jitter          (DJ):    0.000ns
    Phase Error              (PE):    0.000ns

    Location             Delay type                Incr(ns)  Path(ns)    Netlist Resource(s)
  -------------------------------------------------------------------    -------------------
                         (clock clk rise edge)        0.000     0.000 r  
    H16                                               0.000     0.000 r  CLK (IN)
                         net (fo=0)                   0.000     0.000    CLK
    H16                  IBUF (Prop_ibuf_I_O)         1.457     1.457 r  CLK_IBUF_inst/O
                         net (fo=1, routed)           2.076     3.533    CLK_IBUF
    BUFGCTRL_X0Y16       BUFG (Prop_bufg_I_O)         0.101     3.634 r  CLK_IBUF_BUFG_inst/O
                         net (fo=112, routed)         1.736     5.370    ce_gen_i/CLK
    SLICE_X40Y62         FDRE                                         r  ce_gen_i/clk_counter_reg[16]/C
  -------------------------------------------------------------------    -------------------
    SLICE_X40Y62         FDRE (Prop_fdre_C_Q)         0.456     5.826 r  ce_gen_i/clk_counter_reg[16]/Q
                         net (fo=2, routed)           1.140     6.967    ce_gen_i/clk_counter[16]
    SLICE_X42Y62         LUT6 (Prop_lut6_I1_O)        0.124     7.091 r  ce_gen_i/clk_counter[18]_i_4/O
                         net (fo=1, routed)           0.830     7.921    ce_gen_i/clk_counter[18]_i_4_n_0
    SLICE_X42Y61         LUT4 (Prop_lut4_I3_O)        0.124     8.045 r  ce_gen_i/clk_counter[18]_i_1/O
                         net (fo=20, routed)          1.130     9.174    ce_gen_i/clk_counter[18]_i_1_n_0
    SLICE_X40Y62         FDRE                                         r  ce_gen_i/clk_counter_reg[14]/R
  -------------------------------------------------------------------    -------------------

                         (clock clk rise edge)       20.000    20.000 r  
    H16                                               0.000    20.000 r  CLK (IN)
                         net (fo=0)                   0.000    20.000    CLK
    H16                  IBUF (Prop_ibuf_I_O)         1.387    21.387 r  CLK_IBUF_inst/O
                         net (fo=1, routed)           1.880    23.267    CLK_IBUF
    BUFGCTRL_X0Y16       BUFG (Prop_bufg_I_O)         0.091    23.358 r  CLK_IBUF_BUFG_inst/O
                         net (fo=112, routed)         1.559    24.917    ce_gen_i/CLK
    SLICE_X40Y62         FDRE                                         r  ce_gen_i/clk_counter_reg[14]/C
                         clock pessimism              0.454    25.370    
                         clock uncertainty           -0.061    25.309    
    SLICE_X40Y62         FDRE (Setup_fdre_C_R)       -0.429    24.880    ce_gen_i/clk_counter_reg[14]
  -------------------------------------------------------------------
                         required time                         24.880    
                         arrival time                          -9.174    
  -------------------------------------------------------------------
                         slack                                 15.706    

Slack (MET) :             15.706ns  (required time - arrival time)
  Source:                 ce_gen_i/clk_counter_reg[16]/C
                            (rising edge-triggered cell FDRE clocked by clk  {rise@0.000ns fall@10.000ns period=20.000ns})
  Destination:            ce_gen_i/clk_counter_reg[15]/R
                            (rising edge-triggered cell FDRE clocked by clk  {rise@0.000ns fall@10.000ns period=20.000ns})
  Path Group:             clk
  Path Type:              Setup (Max at Slow Process Corner)
  Requirement:            20.000ns  (clk rise@20.000ns - clk rise@0.000ns)
  Data Path Delay:        3.804ns  (logic 0.704ns (18.506%)  route 3.100ns (81.494%))
  Logic Levels:           2  (LUT4=1 LUT6=1)
  Clock Path Skew:        0.000ns (DCD - SCD + CPR)
    Destination Clock Delay (DCD):    4.917ns = ( 24.917 - 20.000 ) 
    Source Clock Delay      (SCD):    5.370ns
    Clock Pessimism Removal (CPR):    0.454ns
  Clock Uncertainty:      0.061ns  ((TSJ^2 + TIJ^2)^1/2 + DJ) / 2 + PE
    Total System Jitter     (TSJ):    0.071ns
    Total Input Jitter      (TIJ):    0.100ns
    Discrete Jitter          (DJ):    0.000ns
    Phase Error              (PE):    0.000ns

    Location             Delay type                Incr(ns)  Path(ns)    Netlist Resource(s)
  -------------------------------------------------------------------    -------------------
                         (clock clk rise edge)        0.000     0.000 r  
    H16                                               0.000     0.000 r  CLK (IN)
                         net (fo=0)                   0.000     0.000    CLK
    H16                  IBUF (Prop_ibuf_I_O)         1.457     1.457 r  CLK_IBUF_inst/O
                         net (fo=1, routed)           2.076     3.533    CLK_IBUF
    BUFGCTRL_X0Y16       BUFG (Prop_bufg_I_O)         0.101     3.634 r  CLK_IBUF_BUFG_inst/O
                         net (fo=112, routed)         1.736     5.370    ce_gen_i/CLK
    SLICE_X40Y62         FDRE                                         r  ce_gen_i/clk_counter_reg[16]/C
  -------------------------------------------------------------------    -------------------
    SLICE_X40Y62         FDRE (Prop_fdre_C_Q)         0.456     5.826 r  ce_gen_i/clk_counter_reg[16]/Q
                         net (fo=2, routed)           1.140     6.967    ce_gen_i/clk_counter[16]
    SLICE_X42Y62         LUT6 (Prop_lut6_I1_O)        0.124     7.091 r  ce_gen_i/clk_counter[18]_i_4/O
                         net (fo=1, routed)           0.830     7.921    ce_gen_i/clk_counter[18]_i_4_n_0
    SLICE_X42Y61         LUT4 (Prop_lut4_I3_O)        0.124     8.045 r  ce_gen_i/clk_counter[18]_i_1/O
                         net (fo=20, routed)          1.130     9.174    ce_gen_i/clk_counter[18]_i_1_n_0
    SLICE_X40Y62         FDRE                                         r  ce_gen_i/clk_counter_reg[15]/R
  -------------------------------------------------------------------    -------------------

                         (clock clk rise edge)       20.000    20.000 r  
    H16                                               0.000    20.000 r  CLK (IN)
                         net (fo=0)                   0.000    20.000    CLK
    H16                  IBUF (Prop_ibuf_I_O)         1.387    21.387 r  CLK_IBUF_inst/O
                         net (fo=1, routed)           1.880    23.267    CLK_IBUF
    BUFGCTRL_X0Y16       BUFG (Prop_bufg_I_O)         0.091    23.358 r  CLK_IBUF_BUFG_inst/O
                         net (fo=112, routed)         1.559    24.917    ce_gen_i/CLK
    SLICE_X40Y62         FDRE                                         r  ce_gen_i/clk_counter_reg[15]/C
                         clock pessimism              0.454    25.370    
                         clock uncertainty           -0.061    25.309    
    SLICE_X40Y62         FDRE (Setup_fdre_C_R)       -0.429    24.880    ce_gen_i/clk_counter_reg[15]
  -------------------------------------------------------------------
                         required time                         24.880    
                         arrival time                          -9.174    
  -------------------------------------------------------------------
                         slack                                 15.706    

Slack (MET) :             15.706ns  (required time - arrival time)
  Source:                 ce_gen_i/clk_counter_reg[16]/C
                            (rising edge-triggered cell FDRE clocked by clk  {rise@0.000ns fall@10.000ns period=20.000ns})
  Destination:            ce_gen_i/clk_counter_reg[16]/R
                            (rising edge-triggered cell FDRE clocked by clk  {rise@0.000ns fall@10.000ns period=20.000ns})
  Path Group:             clk
  Path Type:              Setup (Max at Slow Process Corner)
  Requirement:            20.000ns  (clk rise@20.000ns - clk rise@0.000ns)
  Data Path Delay:        3.804ns  (logic 0.704ns (18.506%)  route 3.100ns (81.494%))
  Logic Levels:           2  (LUT4=1 LUT6=1)
  Clock Path Skew:        0.000ns (DCD - SCD + CPR)
    Destination Clock Delay (DCD):    4.917ns = ( 24.917 - 20.000 ) 
    Source Clock Delay      (SCD):    5.370ns
    Clock Pessimism Removal (CPR):    0.454ns
  Clock Uncertainty:      0.061ns  ((TSJ^2 + TIJ^2)^1/2 + DJ) / 2 + PE
    Total System Jitter     (TSJ):    0.071ns
    Total Input Jitter      (TIJ):    0.100ns
    Discrete Jitter          (DJ):    0.000ns
    Phase Error              (PE):    0.000ns

    Location             Delay type                Incr(ns)  Path(ns)    Netlist Resource(s)
  -------------------------------------------------------------------    -------------------
                         (clock clk rise edge)        0.000     0.000 r  
    H16                                               0.000     0.000 r  CLK (IN)
                         net (fo=0)                   0.000     0.000    CLK
    H16                  IBUF (Prop_ibuf_I_O)         1.457     1.457 r  CLK_IBUF_inst/O
                         net (fo=1, routed)           2.076     3.533    CLK_IBUF
    BUFGCTRL_X0Y16       BUFG (Prop_bufg_I_O)         0.101     3.634 r  CLK_IBUF_BUFG_inst/O
                         net (fo=112, routed)         1.736     5.370    ce_gen_i/CLK
    SLICE_X40Y62         FDRE                                         r  ce_gen_i/clk_counter_reg[16]/C
  -------------------------------------------------------------------    -------------------
    SLICE_X40Y62         FDRE (Prop_fdre_C_Q)         0.456     5.826 r  ce_gen_i/clk_counter_reg[16]/Q
                         net (fo=2, routed)           1.140     6.967    ce_gen_i/clk_counter[16]
    SLICE_X42Y62         LUT6 (Prop_lut6_I1_O)        0.124     7.091 r  ce_gen_i/clk_counter[18]_i_4/O
                         net (fo=1, routed)           0.830     7.921    ce_gen_i/clk_counter[18]_i_4_n_0
    SLICE_X42Y61         LUT4 (Prop_lut4_I3_O)        0.124     8.045 r  ce_gen_i/clk_counter[18]_i_1/O
                         net (fo=20, routed)          1.130     9.174    ce_gen_i/clk_counter[18]_i_1_n_0
    SLICE_X40Y62         FDRE                                         r  ce_gen_i/clk_counter_reg[16]/R
  -------------------------------------------------------------------    -------------------

                         (clock clk rise edge)       20.000    20.000 r  
    H16                                               0.000    20.000 r  CLK (IN)
                         net (fo=0)                   0.000    20.000    CLK
    H16                  IBUF (Prop_ibuf_I_O)         1.387    21.387 r  CLK_IBUF_inst/O
                         net (fo=1, routed)           1.880    23.267    CLK_IBUF
    BUFGCTRL_X0Y16       BUFG (Prop_bufg_I_O)         0.091    23.358 r  CLK_IBUF_BUFG_inst/O
                         net (fo=112, routed)         1.559    24.917    ce_gen_i/CLK
    SLICE_X40Y62         FDRE                                         r  ce_gen_i/clk_counter_reg[16]/C
                         clock pessimism              0.454    25.370    
                         clock uncertainty           -0.061    25.309    
    SLICE_X40Y62         FDRE (Setup_fdre_C_R)       -0.429    24.880    ce_gen_i/clk_counter_reg[16]
  -------------------------------------------------------------------
                         required time                         24.880    
                         arrival time                          -9.174    
  -------------------------------------------------------------------
                         slack                                 15.706    

Slack (MET) :             15.722ns  (required time - arrival time)
  Source:                 ce_gen_i/clk_counter_reg[16]/C
                            (rising edge-triggered cell FDRE clocked by clk  {rise@0.000ns fall@10.000ns period=20.000ns})
  Destination:            ce_gen_i/clk_counter_reg[17]/R
                            (rising edge-triggered cell FDRE clocked by clk  {rise@0.000ns fall@10.000ns period=20.000ns})
  Path Group:             clk
  Path Type:              Setup (Max at Slow Process Corner)
  Requirement:            20.000ns  (clk rise@20.000ns - clk rise@0.000ns)
  Data Path Delay:        3.762ns  (logic 0.704ns (18.712%)  route 3.058ns (81.288%))
  Logic Levels:           2  (LUT4=1 LUT6=1)
  Clock Path Skew:        -0.026ns (DCD - SCD + CPR)
    Destination Clock Delay (DCD):    4.916ns = ( 24.916 - 20.000 ) 
    Source Clock Delay      (SCD):    5.370ns
    Clock Pessimism Removal (CPR):    0.429ns
  Clock Uncertainty:      0.061ns  ((TSJ^2 + TIJ^2)^1/2 + DJ) / 2 + PE
    Total System Jitter     (TSJ):    0.071ns
    Total Input Jitter      (TIJ):    0.100ns
    Discrete Jitter          (DJ):    0.000ns
    Phase Error              (PE):    0.000ns

    Location             Delay type                Incr(ns)  Path(ns)    Netlist Resource(s)
  -------------------------------------------------------------------    -------------------
                         (clock clk rise edge)        0.000     0.000 r  
    H16                                               0.000     0.000 r  CLK (IN)
                         net (fo=0)                   0.000     0.000    CLK
    H16                  IBUF (Prop_ibuf_I_O)         1.457     1.457 r  CLK_IBUF_inst/O
                         net (fo=1, routed)           2.076     3.533    CLK_IBUF
    BUFGCTRL_X0Y16       BUFG (Prop_bufg_I_O)         0.101     3.634 r  CLK_IBUF_BUFG_inst/O
                         net (fo=112, routed)         1.736     5.370    ce_gen_i/CLK
    SLICE_X40Y62         FDRE                                         r  ce_gen_i/clk_counter_reg[16]/C
  -------------------------------------------------------------------    -------------------
    SLICE_X40Y62         FDRE (Prop_fdre_C_Q)         0.456     5.826 r  ce_gen_i/clk_counter_reg[16]/Q
                         net (fo=2, routed)           1.140     6.967    ce_gen_i/clk_counter[16]
    SLICE_X42Y62         LUT6 (Prop_lut6_I1_O)        0.124     7.091 r  ce_gen_i/clk_counter[18]_i_4/O
                         net (fo=1, routed)           0.830     7.921    ce_gen_i/clk_counter[18]_i_4_n_0
    SLICE_X42Y61         LUT4 (Prop_lut4_I3_O)        0.124     8.045 r  ce_gen_i/clk_counter[18]_i_1/O
                         net (fo=20, routed)          1.088     9.132    ce_gen_i/clk_counter[18]_i_1_n_0
    SLICE_X40Y63         FDRE                                         r  ce_gen_i/clk_counter_reg[17]/R
  -------------------------------------------------------------------    -------------------

                         (clock clk rise edge)       20.000    20.000 r  
    H16                                               0.000    20.000 r  CLK (IN)
                         net (fo=0)                   0.000    20.000    CLK
    H16                  IBUF (Prop_ibuf_I_O)         1.387    21.387 r  CLK_IBUF_inst/O
                         net (fo=1, routed)           1.880    23.267    CLK_IBUF
    BUFGCTRL_X0Y16       BUFG (Prop_bufg_I_O)         0.091    23.358 r  CLK_IBUF_BUFG_inst/O
                         net (fo=112, routed)         1.558    24.916    ce_gen_i/CLK
    SLICE_X40Y63         FDRE                                         r  ce_gen_i/clk_counter_reg[17]/C
                         clock pessimism              0.429    25.344    
                         clock uncertainty           -0.061    25.283    
    SLICE_X40Y63         FDRE (Setup_fdre_C_R)       -0.429    24.854    ce_gen_i/clk_counter_reg[17]
  -------------------------------------------------------------------
                         required time                         24.854    
                         arrival time                          -9.132    
  -------------------------------------------------------------------
                         slack                                 15.722    

Slack (MET) :             15.722ns  (required time - arrival time)
  Source:                 ce_gen_i/clk_counter_reg[16]/C
                            (rising edge-triggered cell FDRE clocked by clk  {rise@0.000ns fall@10.000ns period=20.000ns})
  Destination:            ce_gen_i/clk_counter_reg[18]/R
                            (rising edge-triggered cell FDRE clocked by clk  {rise@0.000ns fall@10.000ns period=20.000ns})
  Path Group:             clk
  Path Type:              Setup (Max at Slow Process Corner)
  Requirement:            20.000ns  (clk rise@20.000ns - clk rise@0.000ns)
  Data Path Delay:        3.762ns  (logic 0.704ns (18.712%)  route 3.058ns (81.288%))
  Logic Levels:           2  (LUT4=1 LUT6=1)
  Clock Path Skew:        -0.026ns (DCD - SCD + CPR)
    Destination Clock Delay (DCD):    4.916ns = ( 24.916 - 20.000 ) 
    Source Clock Delay      (SCD):    5.370ns
    Clock Pessimism Removal (CPR):    0.429ns
  Clock Uncertainty:      0.061ns  ((TSJ^2 + TIJ^2)^1/2 + DJ) / 2 + PE
    Total System Jitter     (TSJ):    0.071ns
    Total Input Jitter      (TIJ):    0.100ns
    Discrete Jitter          (DJ):    0.000ns
    Phase Error              (PE):    0.000ns

    Location             Delay type                Incr(ns)  Path(ns)    Netlist Resource(s)
  -------------------------------------------------------------------    -------------------
                         (clock clk rise edge)        0.000     0.000 r  
    H16                                               0.000     0.000 r  CLK (IN)
                         net (fo=0)                   0.000     0.000    CLK
    H16                  IBUF (Prop_ibuf_I_O)         1.457     1.457 r  CLK_IBUF_inst/O
                         net (fo=1, routed)           2.076     3.533    CLK_IBUF
    BUFGCTRL_X0Y16       BUFG (Prop_bufg_I_O)         0.101     3.634 r  CLK_IBUF_BUFG_inst/O
                         net (fo=112, routed)         1.736     5.370    ce_gen_i/CLK
    SLICE_X40Y62         FDRE                                         r  ce_gen_i/clk_counter_reg[16]/C
  -------------------------------------------------------------------    -------------------
    SLICE_X40Y62         FDRE (Prop_fdre_C_Q)         0.456     5.826 r  ce_gen_i/clk_counter_reg[16]/Q
                         net (fo=2, routed)           1.140     6.967    ce_gen_i/clk_counter[16]
    SLICE_X42Y62         LUT6 (Prop_lut6_I1_O)        0.124     7.091 r  ce_gen_i/clk_counter[18]_i_4/O
                         net (fo=1, routed)           0.830     7.921    ce_gen_i/clk_counter[18]_i_4_n_0
    SLICE_X42Y61         LUT4 (Prop_lut4_I3_O)        0.124     8.045 r  ce_gen_i/clk_counter[18]_i_1/O
                         net (fo=20, routed)          1.088     9.132    ce_gen_i/clk_counter[18]_i_1_n_0
    SLICE_X40Y63         FDRE                                         r  ce_gen_i/clk_counter_reg[18]/R
  -------------------------------------------------------------------    -------------------

                         (clock clk rise edge)       20.000    20.000 r  
    H16                                               0.000    20.000 r  CLK (IN)
                         net (fo=0)                   0.000    20.000    CLK
    H16                  IBUF (Prop_ibuf_I_O)         1.387    21.387 r  CLK_IBUF_inst/O
                         net (fo=1, routed)           1.880    23.267    CLK_IBUF
    BUFGCTRL_X0Y16       BUFG (Prop_bufg_I_O)         0.091    23.358 r  CLK_IBUF_BUFG_inst/O
                         net (fo=112, routed)         1.558    24.916    ce_gen_i/CLK
    SLICE_X40Y63         FDRE                                         r  ce_gen_i/clk_counter_reg[18]/C
                         clock pessimism              0.429    25.344    
                         clock uncertainty           -0.061    25.283    
    SLICE_X40Y63         FDRE (Setup_fdre_C_R)       -0.429    24.854    ce_gen_i/clk_counter_reg[18]
  -------------------------------------------------------------------
                         required time                         24.854    
                         arrival time                          -9.132    
  -------------------------------------------------------------------
                         slack                                 15.722    

Slack (MET) :             15.972ns  (required time - arrival time)
  Source:                 ce_gen_i/clk_counter_reg[16]/C
                            (rising edge-triggered cell FDRE clocked by clk  {rise@0.000ns fall@10.000ns period=20.000ns})
  Destination:            ce_gen_i/clk_counter_reg[10]/R
                            (rising edge-triggered cell FDRE clocked by clk  {rise@0.000ns fall@10.000ns period=20.000ns})
  Path Group:             clk
  Path Type:              Setup (Max at Slow Process Corner)
  Requirement:            20.000ns  (clk rise@20.000ns - clk rise@0.000ns)
  Data Path Delay:        3.514ns  (logic 0.704ns (20.036%)  route 2.810ns (79.964%))
  Logic Levels:           2  (LUT4=1 LUT6=1)
  Clock Path Skew:        -0.024ns (DCD - SCD + CPR)
    Destination Clock Delay (DCD):    4.918ns = ( 24.918 - 20.000 ) 
    Source Clock Delay      (SCD):    5.370ns
    Clock Pessimism Removal (CPR):    0.429ns
  Clock Uncertainty:      0.061ns  ((TSJ^2 + TIJ^2)^1/2 + DJ) / 2 + PE
    Total System Jitter     (TSJ):    0.071ns
    Total Input Jitter      (TIJ):    0.100ns
    Discrete Jitter          (DJ):    0.000ns
    Phase Error              (PE):    0.000ns

    Location             Delay type                Incr(ns)  Path(ns)    Netlist Resource(s)
  -------------------------------------------------------------------    -------------------
                         (clock clk rise edge)        0.000     0.000 r  
    H16                                               0.000     0.000 r  CLK (IN)
                         net (fo=0)                   0.000     0.000    CLK
    H16                  IBUF (Prop_ibuf_I_O)         1.457     1.457 r  CLK_IBUF_inst/O
                         net (fo=1, routed)           2.076     3.533    CLK_IBUF
    BUFGCTRL_X0Y16       BUFG (Prop_bufg_I_O)         0.101     3.634 r  CLK_IBUF_BUFG_inst/O
                         net (fo=112, routed)         1.736     5.370    ce_gen_i/CLK
    SLICE_X40Y62         FDRE                                         r  ce_gen_i/clk_counter_reg[16]/C
  -------------------------------------------------------------------    -------------------
    SLICE_X40Y62         FDRE (Prop_fdre_C_Q)         0.456     5.826 r  ce_gen_i/clk_counter_reg[16]/Q
                         net (fo=2, routed)           1.140     6.967    ce_gen_i/clk_counter[16]
    SLICE_X42Y62         LUT6 (Prop_lut6_I1_O)        0.124     7.091 r  ce_gen_i/clk_counter[18]_i_4/O
                         net (fo=1, routed)           0.830     7.921    ce_gen_i/clk_counter[18]_i_4_n_0
    SLICE_X42Y61         LUT4 (Prop_lut4_I3_O)        0.124     8.045 r  ce_gen_i/clk_counter[18]_i_1/O
                         net (fo=20, routed)          0.839     8.884    ce_gen_i/clk_counter[18]_i_1_n_0
    SLICE_X40Y61         FDRE                                         r  ce_gen_i/clk_counter_reg[10]/R
  -------------------------------------------------------------------    -------------------

                         (clock clk rise edge)       20.000    20.000 r  
    H16                                               0.000    20.000 r  CLK (IN)
                         net (fo=0)                   0.000    20.000    CLK
    H16                  IBUF (Prop_ibuf_I_O)         1.387    21.387 r  CLK_IBUF_inst/O
                         net (fo=1, routed)           1.880    23.267    CLK_IBUF
    BUFGCTRL_X0Y16       BUFG (Prop_bufg_I_O)         0.091    23.358 r  CLK_IBUF_BUFG_inst/O
                         net (fo=112, routed)         1.560    24.918    ce_gen_i/CLK
    SLICE_X40Y61         FDRE                                         r  ce_gen_i/clk_counter_reg[10]/C
                         clock pessimism              0.429    25.346    
                         clock uncertainty           -0.061    25.285    
    SLICE_X40Y61         FDRE (Setup_fdre_C_R)       -0.429    24.856    ce_gen_i/clk_counter_reg[10]
  -------------------------------------------------------------------
                         required time                         24.856    
                         arrival time                          -8.884    
  -------------------------------------------------------------------
                         slack                                 15.972    

Slack (MET) :             15.972ns  (required time - arrival time)
  Source:                 ce_gen_i/clk_counter_reg[16]/C
                            (rising edge-triggered cell FDRE clocked by clk  {rise@0.000ns fall@10.000ns period=20.000ns})
  Destination:            ce_gen_i/clk_counter_reg[11]/R
                            (rising edge-triggered cell FDRE clocked by clk  {rise@0.000ns fall@10.000ns period=20.000ns})
  Path Group:             clk
  Path Type:              Setup (Max at Slow Process Corner)
  Requirement:            20.000ns  (clk rise@20.000ns - clk rise@0.000ns)
  Data Path Delay:        3.514ns  (logic 0.704ns (20.036%)  route 2.810ns (79.964%))
  Logic Levels:           2  (LUT4=1 LUT6=1)
  Clock Path Skew:        -0.024ns (DCD - SCD + CPR)
    Destination Clock Delay (DCD):    4.918ns = ( 24.918 - 20.000 ) 
    Source Clock Delay      (SCD):    5.370ns
    Clock Pessimism Removal (CPR):    0.429ns
  Clock Uncertainty:      0.061ns  ((TSJ^2 + TIJ^2)^1/2 + DJ) / 2 + PE
    Total System Jitter     (TSJ):    0.071ns
    Total Input Jitter      (TIJ):    0.100ns
    Discrete Jitter          (DJ):    0.000ns
    Phase Error              (PE):    0.000ns

    Location             Delay type                Incr(ns)  Path(ns)    Netlist Resource(s)
  -------------------------------------------------------------------    -------------------
                         (clock clk rise edge)        0.000     0.000 r  
    H16                                               0.000     0.000 r  CLK (IN)
                         net (fo=0)                   0.000     0.000    CLK
    H16                  IBUF (Prop_ibuf_I_O)         1.457     1.457 r  CLK_IBUF_inst/O
                         net (fo=1, routed)           2.076     3.533    CLK_IBUF
    BUFGCTRL_X0Y16       BUFG (Prop_bufg_I_O)         0.101     3.634 r  CLK_IBUF_BUFG_inst/O
                         net (fo=112, routed)         1.736     5.370    ce_gen_i/CLK
    SLICE_X40Y62         FDRE                                         r  ce_gen_i/clk_counter_reg[16]/C
  -------------------------------------------------------------------    -------------------
    SLICE_X40Y62         FDRE (Prop_fdre_C_Q)         0.456     5.826 r  ce_gen_i/clk_counter_reg[16]/Q
                         net (fo=2, routed)           1.140     6.967    ce_gen_i/clk_counter[16]
    SLICE_X42Y62         LUT6 (Prop_lut6_I1_O)        0.124     7.091 r  ce_gen_i/clk_counter[18]_i_4/O
                         net (fo=1, routed)           0.830     7.921    ce_gen_i/clk_counter[18]_i_4_n_0
    SLICE_X42Y61         LUT4 (Prop_lut4_I3_O)        0.124     8.045 r  ce_gen_i/clk_counter[18]_i_1/O
                         net (fo=20, routed)          0.839     8.884    ce_gen_i/clk_counter[18]_i_1_n_0
    SLICE_X40Y61         FDRE                                         r  ce_gen_i/clk_counter_reg[11]/R
  -------------------------------------------------------------------    -------------------

                         (clock clk rise edge)       20.000    20.000 r  
    H16                                               0.000    20.000 r  CLK (IN)
                         net (fo=0)                   0.000    20.000    CLK
    H16                  IBUF (Prop_ibuf_I_O)         1.387    21.387 r  CLK_IBUF_inst/O
                         net (fo=1, routed)           1.880    23.267    CLK_IBUF
    BUFGCTRL_X0Y16       BUFG (Prop_bufg_I_O)         0.091    23.358 r  CLK_IBUF_BUFG_inst/O
                         net (fo=112, routed)         1.560    24.918    ce_gen_i/CLK
    SLICE_X40Y61         FDRE                                         r  ce_gen_i/clk_counter_reg[11]/C
                         clock pessimism              0.429    25.346    
                         clock uncertainty           -0.061    25.285    
    SLICE_X40Y61         FDRE (Setup_fdre_C_R)       -0.429    24.856    ce_gen_i/clk_counter_reg[11]
  -------------------------------------------------------------------
                         required time                         24.856    
                         arrival time                          -8.884    
  -------------------------------------------------------------------
                         slack                                 15.972    

Slack (MET) :             15.972ns  (required time - arrival time)
  Source:                 ce_gen_i/clk_counter_reg[16]/C
                            (rising edge-triggered cell FDRE clocked by clk  {rise@0.000ns fall@10.000ns period=20.000ns})
  Destination:            ce_gen_i/clk_counter_reg[12]/R
                            (rising edge-triggered cell FDRE clocked by clk  {rise@0.000ns fall@10.000ns period=20.000ns})
  Path Group:             clk
  Path Type:              Setup (Max at Slow Process Corner)
  Requirement:            20.000ns  (clk rise@20.000ns - clk rise@0.000ns)
  Data Path Delay:        3.514ns  (logic 0.704ns (20.036%)  route 2.810ns (79.964%))
  Logic Levels:           2  (LUT4=1 LUT6=1)
  Clock Path Skew:        -0.024ns (DCD - SCD + CPR)
    Destination Clock Delay (DCD):    4.918ns = ( 24.918 - 20.000 ) 
    Source Clock Delay      (SCD):    5.370ns
    Clock Pessimism Removal (CPR):    0.429ns
  Clock Uncertainty:      0.061ns  ((TSJ^2 + TIJ^2)^1/2 + DJ) / 2 + PE
    Total System Jitter     (TSJ):    0.071ns
    Total Input Jitter      (TIJ):    0.100ns
    Discrete Jitter          (DJ):    0.000ns
    Phase Error              (PE):    0.000ns

    Location             Delay type                Incr(ns)  Path(ns)    Netlist Resource(s)
  -------------------------------------------------------------------    -------------------
                         (clock clk rise edge)        0.000     0.000 r  
    H16                                               0.000     0.000 r  CLK (IN)
                         net (fo=0)                   0.000     0.000    CLK
    H16                  IBUF (Prop_ibuf_I_O)         1.457     1.457 r  CLK_IBUF_inst/O
                         net (fo=1, routed)           2.076     3.533    CLK_IBUF
    BUFGCTRL_X0Y16       BUFG (Prop_bufg_I_O)         0.101     3.634 r  CLK_IBUF_BUFG_inst/O
                         net (fo=112, routed)         1.736     5.370    ce_gen_i/CLK
    SLICE_X40Y62         FDRE                                         r  ce_gen_i/clk_counter_reg[16]/C
  -------------------------------------------------------------------    -------------------
    SLICE_X40Y62         FDRE (Prop_fdre_C_Q)         0.456     5.826 r  ce_gen_i/clk_counter_reg[16]/Q
                         net (fo=2, routed)           1.140     6.967    ce_gen_i/clk_counter[16]
    SLICE_X42Y62         LUT6 (Prop_lut6_I1_O)        0.124     7.091 r  ce_gen_i/clk_counter[18]_i_4/O
                         net (fo=1, routed)           0.830     7.921    ce_gen_i/clk_counter[18]_i_4_n_0
    SLICE_X42Y61         LUT4 (Prop_lut4_I3_O)        0.124     8.045 r  ce_gen_i/clk_counter[18]_i_1/O
                         net (fo=20, routed)          0.839     8.884    ce_gen_i/clk_counter[18]_i_1_n_0
    SLICE_X40Y61         FDRE                                         r  ce_gen_i/clk_counter_reg[12]/R
  -------------------------------------------------------------------    -------------------

                         (clock clk rise edge)       20.000    20.000 r  
    H16                                               0.000    20.000 r  CLK (IN)
                         net (fo=0)                   0.000    20.000    CLK
    H16                  IBUF (Prop_ibuf_I_O)         1.387    21.387 r  CLK_IBUF_inst/O
                         net (fo=1, routed)           1.880    23.267    CLK_IBUF
    BUFGCTRL_X0Y16       BUFG (Prop_bufg_I_O)         0.091    23.358 r  CLK_IBUF_BUFG_inst/O
                         net (fo=112, routed)         1.560    24.918    ce_gen_i/CLK
    SLICE_X40Y61         FDRE                                         r  ce_gen_i/clk_counter_reg[12]/C
                         clock pessimism              0.429    25.346    
                         clock uncertainty           -0.061    25.285    
    SLICE_X40Y61         FDRE (Setup_fdre_C_R)       -0.429    24.856    ce_gen_i/clk_counter_reg[12]
  -------------------------------------------------------------------
                         required time                         24.856    
                         arrival time                          -8.884    
  -------------------------------------------------------------------
                         slack                                 15.972    

Slack (MET) :             15.972ns  (required time - arrival time)
  Source:                 ce_gen_i/clk_counter_reg[16]/C
                            (rising edge-triggered cell FDRE clocked by clk  {rise@0.000ns fall@10.000ns period=20.000ns})
  Destination:            ce_gen_i/clk_counter_reg[9]/R
                            (rising edge-triggered cell FDRE clocked by clk  {rise@0.000ns fall@10.000ns period=20.000ns})
  Path Group:             clk
  Path Type:              Setup (Max at Slow Process Corner)
  Requirement:            20.000ns  (clk rise@20.000ns - clk rise@0.000ns)
  Data Path Delay:        3.514ns  (logic 0.704ns (20.036%)  route 2.810ns (79.964%))
  Logic Levels:           2  (LUT4=1 LUT6=1)
  Clock Path Skew:        -0.024ns (DCD - SCD + CPR)
    Destination Clock Delay (DCD):    4.918ns = ( 24.918 - 20.000 ) 
    Source Clock Delay      (SCD):    5.370ns
    Clock Pessimism Removal (CPR):    0.429ns
  Clock Uncertainty:      0.061ns  ((TSJ^2 + TIJ^2)^1/2 + DJ) / 2 + PE
    Total System Jitter     (TSJ):    0.071ns
    Total Input Jitter      (TIJ):    0.100ns
    Discrete Jitter          (DJ):    0.000ns
    Phase Error              (PE):    0.000ns

    Location             Delay type                Incr(ns)  Path(ns)    Netlist Resource(s)
  -------------------------------------------------------------------    -------------------
                         (clock clk rise edge)        0.000     0.000 r  
    H16                                               0.000     0.000 r  CLK (IN)
                         net (fo=0)                   0.000     0.000    CLK
    H16                  IBUF (Prop_ibuf_I_O)         1.457     1.457 r  CLK_IBUF_inst/O
                         net (fo=1, routed)           2.076     3.533    CLK_IBUF
    BUFGCTRL_X0Y16       BUFG (Prop_bufg_I_O)         0.101     3.634 r  CLK_IBUF_BUFG_inst/O
                         net (fo=112, routed)         1.736     5.370    ce_gen_i/CLK
    SLICE_X40Y62         FDRE                                         r  ce_gen_i/clk_counter_reg[16]/C
  -------------------------------------------------------------------    -------------------
    SLICE_X40Y62         FDRE (Prop_fdre_C_Q)         0.456     5.826 r  ce_gen_i/clk_counter_reg[16]/Q
                         net (fo=2, routed)           1.140     6.967    ce_gen_i/clk_counter[16]
    SLICE_X42Y62         LUT6 (Prop_lut6_I1_O)        0.124     7.091 r  ce_gen_i/clk_counter[18]_i_4/O
                         net (fo=1, routed)           0.830     7.921    ce_gen_i/clk_counter[18]_i_4_n_0
    SLICE_X42Y61         LUT4 (Prop_lut4_I3_O)        0.124     8.045 r  ce_gen_i/clk_counter[18]_i_1/O
                         net (fo=20, routed)          0.839     8.884    ce_gen_i/clk_counter[18]_i_1_n_0
    SLICE_X40Y61         FDRE                                         r  ce_gen_i/clk_counter_reg[9]/R
  -------------------------------------------------------------------    -------------------

                         (clock clk rise edge)       20.000    20.000 r  
    H16                                               0.000    20.000 r  CLK (IN)
                         net (fo=0)                   0.000    20.000    CLK
    H16                  IBUF (Prop_ibuf_I_O)         1.387    21.387 r  CLK_IBUF_inst/O
                         net (fo=1, routed)           1.880    23.267    CLK_IBUF
    BUFGCTRL_X0Y16       BUFG (Prop_bufg_I_O)         0.091    23.358 r  CLK_IBUF_BUFG_inst/O
                         net (fo=112, routed)         1.560    24.918    ce_gen_i/CLK
    SLICE_X40Y61         FDRE                                         r  ce_gen_i/clk_counter_reg[9]/C
                         clock pessimism              0.429    25.346    
                         clock uncertainty           -0.061    25.285    
    SLICE_X40Y61         FDRE (Setup_fdre_C_R)       -0.429    24.856    ce_gen_i/clk_counter_reg[9]
  -------------------------------------------------------------------
                         required time                         24.856    
                         arrival time                          -8.884    
  -------------------------------------------------------------------
                         slack                                 15.972    





Min Delay Paths
--------------------------------------------------------------------------------------
Slack (MET) :             0.147ns  (arrival time - required time)
  Source:                 btn_in_l_c_i/debouncer_i/shreg_reg[2]/C
                            (rising edge-triggered cell FDRE clocked by clk  {rise@0.000ns fall@10.000ns period=20.000ns})
  Destination:            btn_in_l_c_i/debouncer_i/BTN_OUT_reg/D
                            (rising edge-triggered cell FDRE clocked by clk  {rise@0.000ns fall@10.000ns period=20.000ns})
  Path Group:             clk
  Path Type:              Hold (Min at Fast Process Corner)
  Requirement:            0.000ns  (clk rise@0.000ns - clk rise@0.000ns)
  Data Path Delay:        0.251ns  (logic 0.186ns (74.147%)  route 0.065ns (25.853%))
  Logic Levels:           1  (LUT5=1)
  Clock Path Skew:        0.013ns (DCD - SCD - CPR)
    Destination Clock Delay (DCD):    1.979ns
    Source Clock Delay      (SCD):    1.462ns
    Clock Pessimism Removal (CPR):    0.504ns

    Location             Delay type                Incr(ns)  Path(ns)    Netlist Resource(s)
  -------------------------------------------------------------------    -------------------
                         (clock clk rise edge)        0.000     0.000 r  
    H16                                               0.000     0.000 r  CLK (IN)
                         net (fo=0)                   0.000     0.000    CLK
    H16                  IBUF (Prop_ibuf_I_O)         0.225     0.225 r  CLK_IBUF_inst/O
                         net (fo=1, routed)           0.627     0.852    CLK_IBUF
    BUFGCTRL_X0Y16       BUFG (Prop_bufg_I_O)         0.026     0.878 r  CLK_IBUF_BUFG_inst/O
                         net (fo=112, routed)         0.584     1.462    btn_in_l_c_i/debouncer_i/CLK
    SLICE_X36Y61         FDRE                                         r  btn_in_l_c_i/debouncer_i/shreg_reg[2]/C
  -------------------------------------------------------------------    -------------------
    SLICE_X36Y61         FDRE (Prop_fdre_C_Q)         0.141     1.603 r  btn_in_l_c_i/debouncer_i/shreg_reg[2]/Q
                         net (fo=2, routed)           0.065     1.668    btn_in_l_c_i/debouncer_i/shreg[2]
    SLICE_X37Y61         LUT5 (Prop_lut5_I3_O)        0.045     1.713 r  btn_in_l_c_i/debouncer_i/BTN_OUT_i_1__0/O
                         net (fo=1, routed)           0.000     1.713    btn_in_l_c_i/debouncer_i/BTN_OUT_i_1__0_n_0
    SLICE_X37Y61         FDRE                                         r  btn_in_l_c_i/debouncer_i/BTN_OUT_reg/D
  -------------------------------------------------------------------    -------------------

                         (clock clk rise edge)        0.000     0.000 r  
    H16                                               0.000     0.000 r  CLK (IN)
                         net (fo=0)                   0.000     0.000    CLK
    H16                  IBUF (Prop_ibuf_I_O)         0.413     0.413 r  CLK_IBUF_inst/O
                         net (fo=1, routed)           0.683     1.096    CLK_IBUF
    BUFGCTRL_X0Y16       BUFG (Prop_bufg_I_O)         0.029     1.125 r  CLK_IBUF_BUFG_inst/O
                         net (fo=112, routed)         0.854     1.979    btn_in_l_c_i/debouncer_i/CLK
    SLICE_X37Y61         FDRE                                         r  btn_in_l_c_i/debouncer_i/BTN_OUT_reg/C
                         clock pessimism             -0.504     1.475    
    SLICE_X37Y61         FDRE (Hold_fdre_C_D)         0.091     1.566    btn_in_l_c_i/debouncer_i/BTN_OUT_reg
  -------------------------------------------------------------------
                         required time                         -1.566    
                         arrival time                           1.713    
  -------------------------------------------------------------------
                         slack                                  0.147    

Slack (MET) :             0.175ns  (arrival time - required time)
  Source:                 btn_in_s_s_i/sync_reg_i/SIG_OUT_reg/C
                            (rising edge-triggered cell FDRE clocked by clk  {rise@0.000ns fall@10.000ns period=20.000ns})
  Destination:            btn_in_s_s_i/debouncer_i/shreg_reg[0]/D
                            (rising edge-triggered cell FDRE clocked by clk  {rise@0.000ns fall@10.000ns period=20.000ns})
  Path Group:             clk
  Path Type:              Hold (Min at Fast Process Corner)
  Requirement:            0.000ns  (clk rise@0.000ns - clk rise@0.000ns)
  Data Path Delay:        0.265ns  (logic 0.141ns (53.222%)  route 0.124ns (46.778%))
  Logic Levels:           0  
  Clock Path Skew:        0.015ns (DCD - SCD - CPR)
    Destination Clock Delay (DCD):    1.979ns
    Source Clock Delay      (SCD):    1.463ns
    Clock Pessimism Removal (CPR):    0.501ns

    Location             Delay type                Incr(ns)  Path(ns)    Netlist Resource(s)
  -------------------------------------------------------------------    -------------------
                         (clock clk rise edge)        0.000     0.000 r  
    H16                                               0.000     0.000 r  CLK (IN)
                         net (fo=0)                   0.000     0.000    CLK
    H16                  IBUF (Prop_ibuf_I_O)         0.225     0.225 r  CLK_IBUF_inst/O
                         net (fo=1, routed)           0.627     0.852    CLK_IBUF
    BUFGCTRL_X0Y16       BUFG (Prop_bufg_I_O)         0.026     0.878 r  CLK_IBUF_BUFG_inst/O
                         net (fo=112, routed)         0.585     1.463    btn_in_s_s_i/sync_reg_i/CLK
    SLICE_X36Y59         FDRE                                         r  btn_in_s_s_i/sync_reg_i/SIG_OUT_reg/C
  -------------------------------------------------------------------    -------------------
    SLICE_X36Y59         FDRE (Prop_fdre_C_Q)         0.141     1.604 r  btn_in_s_s_i/sync_reg_i/SIG_OUT_reg/Q
                         net (fo=1, routed)           0.124     1.728    btn_in_s_s_i/debouncer_i/D[0]
    SLICE_X36Y61         FDRE                                         r  btn_in_s_s_i/debouncer_i/shreg_reg[0]/D
  -------------------------------------------------------------------    -------------------

                         (clock clk rise edge)        0.000     0.000 r  
    H16                                               0.000     0.000 r  CLK (IN)
                         net (fo=0)                   0.000     0.000    CLK
    H16                  IBUF (Prop_ibuf_I_O)         0.413     0.413 r  CLK_IBUF_inst/O
                         net (fo=1, routed)           0.683     1.096    CLK_IBUF
    BUFGCTRL_X0Y16       BUFG (Prop_bufg_I_O)         0.029     1.125 r  CLK_IBUF_BUFG_inst/O
                         net (fo=112, routed)         0.854     1.979    btn_in_s_s_i/debouncer_i/CLK
    SLICE_X36Y61         FDRE                                         r  btn_in_s_s_i/debouncer_i/shreg_reg[0]/C
                         clock pessimism             -0.501     1.478    
    SLICE_X36Y61         FDRE (Hold_fdre_C_D)         0.075     1.553    btn_in_s_s_i/debouncer_i/shreg_reg[0]
  -------------------------------------------------------------------
                         required time                         -1.553    
                         arrival time                           1.728    
  -------------------------------------------------------------------
                         slack                                  0.175    

Slack (MET) :             0.177ns  (arrival time - required time)
  Source:                 btn_in_s_s_i/sync_reg_i/sig_reg_reg/C
                            (rising edge-triggered cell FDRE clocked by clk  {rise@0.000ns fall@10.000ns period=20.000ns})
  Destination:            btn_in_s_s_i/sync_reg_i/SIG_OUT_reg/D
                            (rising edge-triggered cell FDRE clocked by clk  {rise@0.000ns fall@10.000ns period=20.000ns})
  Path Group:             clk
  Path Type:              Hold (Min at Fast Process Corner)
  Requirement:            0.000ns  (clk rise@0.000ns - clk rise@0.000ns)
  Data Path Delay:        0.259ns  (logic 0.141ns (54.426%)  route 0.118ns (45.574%))
  Logic Levels:           0  
  Clock Path Skew:        0.016ns (DCD - SCD - CPR)
    Destination Clock Delay (DCD):    1.980ns
    Source Clock Delay      (SCD):    1.463ns
    Clock Pessimism Removal (CPR):    0.501ns

    Location             Delay type                Incr(ns)  Path(ns)    Netlist Resource(s)
  -------------------------------------------------------------------    -------------------
                         (clock clk rise edge)        0.000     0.000 r  
    H16                                               0.000     0.000 r  CLK (IN)
                         net (fo=0)                   0.000     0.000    CLK
    H16                  IBUF (Prop_ibuf_I_O)         0.225     0.225 r  CLK_IBUF_inst/O
                         net (fo=1, routed)           0.627     0.852    CLK_IBUF
    BUFGCTRL_X0Y16       BUFG (Prop_bufg_I_O)         0.026     0.878 r  CLK_IBUF_BUFG_inst/O
                         net (fo=112, routed)         0.585     1.463    btn_in_s_s_i/sync_reg_i/CLK
    SLICE_X36Y57         FDRE                                         r  btn_in_s_s_i/sync_reg_i/sig_reg_reg/C
  -------------------------------------------------------------------    -------------------
    SLICE_X36Y57         FDRE (Prop_fdre_C_Q)         0.141     1.604 r  btn_in_s_s_i/sync_reg_i/sig_reg_reg/Q
                         net (fo=1, routed)           0.118     1.722    btn_in_s_s_i/sync_reg_i/sig_reg
    SLICE_X36Y59         FDRE                                         r  btn_in_s_s_i/sync_reg_i/SIG_OUT_reg/D
  -------------------------------------------------------------------    -------------------

                         (clock clk rise edge)        0.000     0.000 r  
    H16                                               0.000     0.000 r  CLK (IN)
                         net (fo=0)                   0.000     0.000    CLK
    H16                  IBUF (Prop_ibuf_I_O)         0.413     0.413 r  CLK_IBUF_inst/O
                         net (fo=1, routed)           0.683     1.096    CLK_IBUF
    BUFGCTRL_X0Y16       BUFG (Prop_bufg_I_O)         0.029     1.125 r  CLK_IBUF_BUFG_inst/O
                         net (fo=112, routed)         0.855     1.980    btn_in_s_s_i/sync_reg_i/CLK
    SLICE_X36Y59         FDRE                                         r  btn_in_s_s_i/sync_reg_i/SIG_OUT_reg/C
                         clock pessimism             -0.501     1.479    
    SLICE_X36Y59         FDRE (Hold_fdre_C_D)         0.066     1.545    btn_in_s_s_i/sync_reg_i/SIG_OUT_reg
  -------------------------------------------------------------------
                         required time                         -1.545    
                         arrival time                           1.722    
  -------------------------------------------------------------------
                         slack                                  0.177    

Slack (MET) :             0.190ns  (arrival time - required time)
  Source:                 btn_in_l_c_i/edge_detector_i/sig_in_del_reg/C
                            (rising edge-triggered cell FDRE clocked by clk  {rise@0.000ns fall@10.000ns period=20.000ns})
  Destination:            btn_in_l_c_i/edge_detector_i/EDGE_POS_reg/D
                            (rising edge-triggered cell FDRE clocked by clk  {rise@0.000ns fall@10.000ns period=20.000ns})
  Path Group:             clk
  Path Type:              Hold (Min at Fast Process Corner)
  Requirement:            0.000ns  (clk rise@0.000ns - clk rise@0.000ns)
  Data Path Delay:        0.281ns  (logic 0.227ns (80.665%)  route 0.054ns (19.335%))
  Logic Levels:           1  (LUT2=1)
  Clock Path Skew:        0.000ns (DCD - SCD - CPR)
    Destination Clock Delay (DCD):    1.976ns
    Source Clock Delay      (SCD):    1.460ns
    Clock Pessimism Removal (CPR):    0.516ns

    Location             Delay type                Incr(ns)  Path(ns)    Netlist Resource(s)
  -------------------------------------------------------------------    -------------------
                         (clock clk rise edge)        0.000     0.000 r  
    H16                                               0.000     0.000 r  CLK (IN)
                         net (fo=0)                   0.000     0.000    CLK
    H16                  IBUF (Prop_ibuf_I_O)         0.225     0.225 r  CLK_IBUF_inst/O
                         net (fo=1, routed)           0.627     0.852    CLK_IBUF
    BUFGCTRL_X0Y16       BUFG (Prop_bufg_I_O)         0.026     0.878 r  CLK_IBUF_BUFG_inst/O
                         net (fo=112, routed)         0.582     1.460    btn_in_l_c_i/edge_detector_i/CLK
    SLICE_X39Y63         FDRE                                         r  btn_in_l_c_i/edge_detector_i/sig_in_del_reg/C
  -------------------------------------------------------------------    -------------------
    SLICE_X39Y63         FDRE (Prop_fdre_C_Q)         0.128     1.588 f  btn_in_l_c_i/edge_detector_i/sig_in_del_reg/Q
                         net (fo=1, routed)           0.054     1.642    btn_in_l_c_i/debouncer_i/sig_in_del
    SLICE_X39Y63         LUT2 (Prop_lut2_I1_O)        0.099     1.741 r  btn_in_l_c_i/debouncer_i/EDGE_POS_i_1__0/O
                         net (fo=1, routed)           0.000     1.741    btn_in_l_c_i/edge_detector_i/EDGE_POS0
    SLICE_X39Y63         FDRE                                         r  btn_in_l_c_i/edge_detector_i/EDGE_POS_reg/D
  -------------------------------------------------------------------    -------------------

                         (clock clk rise edge)        0.000     0.000 r  
    H16                                               0.000     0.000 r  CLK (IN)
                         net (fo=0)                   0.000     0.000    CLK
    H16                  IBUF (Prop_ibuf_I_O)         0.413     0.413 r  CLK_IBUF_inst/O
                         net (fo=1, routed)           0.683     1.096    CLK_IBUF
    BUFGCTRL_X0Y16       BUFG (Prop_bufg_I_O)         0.029     1.125 r  CLK_IBUF_BUFG_inst/O
                         net (fo=112, routed)         0.851     1.976    btn_in_l_c_i/edge_detector_i/CLK
    SLICE_X39Y63         FDRE                                         r  btn_in_l_c_i/edge_detector_i/EDGE_POS_reg/C
                         clock pessimism             -0.516     1.460    
    SLICE_X39Y63         FDRE (Hold_fdre_C_D)         0.091     1.551    btn_in_l_c_i/edge_detector_i/EDGE_POS_reg
  -------------------------------------------------------------------
                         required time                         -1.551    
                         arrival time                           1.741    
  -------------------------------------------------------------------
                         slack                                  0.190    

Slack (MET) :             0.197ns  (arrival time - required time)
  Source:                 bcd_counter_i/sig_cnt_2_reg[1]/C
                            (rising edge-triggered cell FDRE clocked by clk  {rise@0.000ns fall@10.000ns period=20.000ns})
  Destination:            bcd_counter_i/CNT_2_reg[1]/D
                            (rising edge-triggered cell FDRE clocked by clk  {rise@0.000ns fall@10.000ns period=20.000ns})
  Path Group:             clk
  Path Type:              Hold (Min at Fast Process Corner)
  Requirement:            0.000ns  (clk rise@0.000ns - clk rise@0.000ns)
  Data Path Delay:        0.286ns  (logic 0.164ns (57.356%)  route 0.122ns (42.644%))
  Logic Levels:           0  
  Clock Path Skew:        0.014ns (DCD - SCD - CPR)
    Destination Clock Delay (DCD):    1.977ns
    Source Clock Delay      (SCD):    1.462ns
    Clock Pessimism Removal (CPR):    0.501ns

    Location             Delay type                Incr(ns)  Path(ns)    Netlist Resource(s)
  -------------------------------------------------------------------    -------------------
                         (clock clk rise edge)        0.000     0.000 r  
    H16                                               0.000     0.000 r  CLK (IN)
                         net (fo=0)                   0.000     0.000    CLK
    H16                  IBUF (Prop_ibuf_I_O)         0.225     0.225 r  CLK_IBUF_inst/O
                         net (fo=1, routed)           0.627     0.852    CLK_IBUF
    BUFGCTRL_X0Y16       BUFG (Prop_bufg_I_O)         0.026     0.878 r  CLK_IBUF_BUFG_inst/O
                         net (fo=112, routed)         0.584     1.462    bcd_counter_i/CLK
    SLICE_X38Y61         FDRE                                         r  bcd_counter_i/sig_cnt_2_reg[1]/C
  -------------------------------------------------------------------    -------------------
    SLICE_X38Y61         FDRE (Prop_fdre_C_Q)         0.164     1.626 r  bcd_counter_i/sig_cnt_2_reg[1]/Q
                         net (fo=6, routed)           0.122     1.748    bcd_counter_i/sig_cnt_2_reg_n_0_[1]
    SLICE_X39Y62         FDRE                                         r  bcd_counter_i/CNT_2_reg[1]/D
  -------------------------------------------------------------------    -------------------

                         (clock clk rise edge)        0.000     0.000 r  
    H16                                               0.000     0.000 r  CLK (IN)
                         net (fo=0)                   0.000     0.000    CLK
    H16                  IBUF (Prop_ibuf_I_O)         0.413     0.413 r  CLK_IBUF_inst/O
                         net (fo=1, routed)           0.683     1.096    CLK_IBUF
    BUFGCTRL_X0Y16       BUFG (Prop_bufg_I_O)         0.029     1.125 r  CLK_IBUF_BUFG_inst/O
                         net (fo=112, routed)         0.852     1.977    bcd_counter_i/CLK
    SLICE_X39Y62         FDRE                                         r  bcd_counter_i/CNT_2_reg[1]/C
                         clock pessimism             -0.501     1.476    
    SLICE_X39Y62         FDRE (Hold_fdre_C_D)         0.075     1.551    bcd_counter_i/CNT_2_reg[1]
  -------------------------------------------------------------------
                         required time                         -1.551    
                         arrival time                           1.748    
  -------------------------------------------------------------------
                         slack                                  0.197    

Slack (MET) :             0.203ns  (arrival time - required time)
  Source:                 bcd_counter_i/sig_cnt_0_reg[0]/C
                            (rising edge-triggered cell FDRE clocked by clk  {rise@0.000ns fall@10.000ns period=20.000ns})
  Destination:            bcd_counter_i/CNT_0_reg[0]/D
                            (rising edge-triggered cell FDRE clocked by clk  {rise@0.000ns fall@10.000ns period=20.000ns})
  Path Group:             clk
  Path Type:              Hold (Min at Fast Process Corner)
  Requirement:            0.000ns  (clk rise@0.000ns - clk rise@0.000ns)
  Data Path Delay:        0.310ns  (logic 0.164ns (52.902%)  route 0.146ns (47.098%))
  Logic Levels:           0  
  Clock Path Skew:        0.037ns (DCD - SCD - CPR)
    Destination Clock Delay (DCD):    1.978ns
    Source Clock Delay      (SCD):    1.460ns
    Clock Pessimism Removal (CPR):    0.481ns

    Location             Delay type                Incr(ns)  Path(ns)    Netlist Resource(s)
  -------------------------------------------------------------------    -------------------
                         (clock clk rise edge)        0.000     0.000 r  
    H16                                               0.000     0.000 r  CLK (IN)
                         net (fo=0)                   0.000     0.000    CLK
    H16                  IBUF (Prop_ibuf_I_O)         0.225     0.225 r  CLK_IBUF_inst/O
                         net (fo=1, routed)           0.627     0.852    CLK_IBUF
    BUFGCTRL_X0Y16       BUFG (Prop_bufg_I_O)         0.026     0.878 r  CLK_IBUF_BUFG_inst/O
                         net (fo=112, routed)         0.582     1.460    bcd_counter_i/CLK
    SLICE_X38Y64         FDRE                                         r  bcd_counter_i/sig_cnt_0_reg[0]/C
  -------------------------------------------------------------------    -------------------
    SLICE_X38Y64         FDRE (Prop_fdre_C_Q)         0.164     1.624 r  bcd_counter_i/sig_cnt_0_reg[0]/Q
                         net (fo=6, routed)           0.146     1.770    bcd_counter_i/sig_cnt_0_reg_n_0_[0]
    SLICE_X41Y64         FDRE                                         r  bcd_counter_i/CNT_0_reg[0]/D
  -------------------------------------------------------------------    -------------------

                         (clock clk rise edge)        0.000     0.000 r  
    H16                                               0.000     0.000 r  CLK (IN)
                         net (fo=0)                   0.000     0.000    CLK
    H16                  IBUF (Prop_ibuf_I_O)         0.413     0.413 r  CLK_IBUF_inst/O
                         net (fo=1, routed)           0.683     1.096    CLK_IBUF
    BUFGCTRL_X0Y16       BUFG (Prop_bufg_I_O)         0.029     1.125 r  CLK_IBUF_BUFG_inst/O
                         net (fo=112, routed)         0.853     1.978    bcd_counter_i/CLK
    SLICE_X41Y64         FDRE                                         r  bcd_counter_i/CNT_0_reg[0]/C
                         clock pessimism             -0.481     1.497    
    SLICE_X41Y64         FDRE (Hold_fdre_C_D)         0.070     1.567    bcd_counter_i/CNT_0_reg[0]
  -------------------------------------------------------------------
                         required time                         -1.567    
                         arrival time                           1.770    
  -------------------------------------------------------------------
                         slack                                  0.203    

Slack (MET) :             0.221ns  (arrival time - required time)
  Source:                 seg_disp_driver_i/clk_en_seg_reg/C
                            (rising edge-triggered cell FDRE clocked by clk  {rise@0.000ns fall@10.000ns period=20.000ns})
  Destination:            seg_disp_driver_i/FSM_sequential_pres_st_seg_mux_reg[0]/D
                            (rising edge-triggered cell FDRE clocked by clk  {rise@0.000ns fall@10.000ns period=20.000ns})
  Path Group:             clk
  Path Type:              Hold (Min at Fast Process Corner)
  Requirement:            0.000ns  (clk rise@0.000ns - clk rise@0.000ns)
  Data Path Delay:        0.328ns  (logic 0.229ns (69.730%)  route 0.099ns (30.270%))
  Logic Levels:           1  (LUT3=1)
  Clock Path Skew:        0.000ns (DCD - SCD - CPR)
    Destination Clock Delay (DCD):    1.981ns
    Source Clock Delay      (SCD):    1.464ns
    Clock Pessimism Removal (CPR):    0.517ns

    Location             Delay type                Incr(ns)  Path(ns)    Netlist Resource(s)
  -------------------------------------------------------------------    -------------------
                         (clock clk rise edge)        0.000     0.000 r  
    H16                                               0.000     0.000 r  CLK (IN)
                         net (fo=0)                   0.000     0.000    CLK
    H16                  IBUF (Prop_ibuf_I_O)         0.225     0.225 r  CLK_IBUF_inst/O
                         net (fo=1, routed)           0.627     0.852    CLK_IBUF
    BUFGCTRL_X0Y16       BUFG (Prop_bufg_I_O)         0.026     0.878 r  CLK_IBUF_BUFG_inst/O
                         net (fo=112, routed)         0.586     1.464    seg_disp_driver_i/CLK
    SLICE_X43Y61         FDRE                                         r  seg_disp_driver_i/clk_en_seg_reg/C
  -------------------------------------------------------------------    -------------------
    SLICE_X43Y61         FDRE (Prop_fdre_C_Q)         0.128     1.592 r  seg_disp_driver_i/clk_en_seg_reg/Q
                         net (fo=3, routed)           0.099     1.691    seg_disp_driver_i/clk_en_seg_reg_n_0
    SLICE_X43Y61         LUT3 (Prop_lut3_I1_O)        0.101     1.792 r  seg_disp_driver_i/FSM_sequential_pres_st_seg_mux[0]_i_1/O
                         net (fo=1, routed)           0.000     1.792    seg_disp_driver_i/FSM_sequential_pres_st_seg_mux[0]_i_1_n_0
    SLICE_X43Y61         FDRE                                         r  seg_disp_driver_i/FSM_sequential_pres_st_seg_mux_reg[0]/D
  -------------------------------------------------------------------    -------------------

                         (clock clk rise edge)        0.000     0.000 r  
    H16                                               0.000     0.000 r  CLK (IN)
                         net (fo=0)                   0.000     0.000    CLK
    H16                  IBUF (Prop_ibuf_I_O)         0.413     0.413 r  CLK_IBUF_inst/O
                         net (fo=1, routed)           0.683     1.096    CLK_IBUF
    BUFGCTRL_X0Y16       BUFG (Prop_bufg_I_O)         0.029     1.125 r  CLK_IBUF_BUFG_inst/O
                         net (fo=112, routed)         0.856     1.981    seg_disp_driver_i/CLK
    SLICE_X43Y61         FDRE                                         r  seg_disp_driver_i/FSM_sequential_pres_st_seg_mux_reg[0]/C
                         clock pessimism             -0.517     1.464    
    SLICE_X43Y61         FDRE (Hold_fdre_C_D)         0.107     1.571    seg_disp_driver_i/FSM_sequential_pres_st_seg_mux_reg[0]
  -------------------------------------------------------------------
                         required time                         -1.571    
                         arrival time                           1.792    
  -------------------------------------------------------------------
                         slack                                  0.221    

Slack (MET) :             0.223ns  (arrival time - required time)
  Source:                 seg_disp_driver_i/clk_en_seg_reg/C
                            (rising edge-triggered cell FDRE clocked by clk  {rise@0.000ns fall@10.000ns period=20.000ns})
  Destination:            seg_disp_driver_i/FSM_sequential_pres_st_seg_mux_reg[2]/D
                            (rising edge-triggered cell FDRE clocked by clk  {rise@0.000ns fall@10.000ns period=20.000ns})
  Path Group:             clk
  Path Type:              Hold (Min at Fast Process Corner)
  Requirement:            0.000ns  (clk rise@0.000ns - clk rise@0.000ns)
  Data Path Delay:        0.330ns  (logic 0.230ns (69.610%)  route 0.100ns (30.390%))
  Logic Levels:           1  (LUT4=1)
  Clock Path Skew:        0.000ns (DCD - SCD - CPR)
    Destination Clock Delay (DCD):    1.981ns
    Source Clock Delay      (SCD):    1.464ns
    Clock Pessimism Removal (CPR):    0.517ns

    Location             Delay type                Incr(ns)  Path(ns)    Netlist Resource(s)
  -------------------------------------------------------------------    -------------------
                         (clock clk rise edge)        0.000     0.000 r  
    H16                                               0.000     0.000 r  CLK (IN)
                         net (fo=0)                   0.000     0.000    CLK
    H16                  IBUF (Prop_ibuf_I_O)         0.225     0.225 r  CLK_IBUF_inst/O
                         net (fo=1, routed)           0.627     0.852    CLK_IBUF
    BUFGCTRL_X0Y16       BUFG (Prop_bufg_I_O)         0.026     0.878 r  CLK_IBUF_BUFG_inst/O
                         net (fo=112, routed)         0.586     1.464    seg_disp_driver_i/CLK
    SLICE_X43Y61         FDRE                                         r  seg_disp_driver_i/clk_en_seg_reg/C
  -------------------------------------------------------------------    -------------------
    SLICE_X43Y61         FDRE (Prop_fdre_C_Q)         0.128     1.592 r  seg_disp_driver_i/clk_en_seg_reg/Q
                         net (fo=3, routed)           0.100     1.692    seg_disp_driver_i/clk_en_seg_reg_n_0
    SLICE_X43Y61         LUT4 (Prop_lut4_I2_O)        0.102     1.794 r  seg_disp_driver_i/FSM_sequential_pres_st_seg_mux[2]_i_1/O
                         net (fo=1, routed)           0.000     1.794    seg_disp_driver_i/FSM_sequential_pres_st_seg_mux[2]_i_1_n_0
    SLICE_X43Y61         FDRE                                         r  seg_disp_driver_i/FSM_sequential_pres_st_seg_mux_reg[2]/D
  -------------------------------------------------------------------    -------------------

                         (clock clk rise edge)        0.000     0.000 r  
    H16                                               0.000     0.000 r  CLK (IN)
                         net (fo=0)                   0.000     0.000    CLK
    H16                  IBUF (Prop_ibuf_I_O)         0.413     0.413 r  CLK_IBUF_inst/O
                         net (fo=1, routed)           0.683     1.096    CLK_IBUF
    BUFGCTRL_X0Y16       BUFG (Prop_bufg_I_O)         0.029     1.125 r  CLK_IBUF_BUFG_inst/O
                         net (fo=112, routed)         0.856     1.981    seg_disp_driver_i/CLK
    SLICE_X43Y61         FDRE                                         r  seg_disp_driver_i/FSM_sequential_pres_st_seg_mux_reg[2]/C
                         clock pessimism             -0.517     1.464    
    SLICE_X43Y61         FDRE (Hold_fdre_C_D)         0.107     1.571    seg_disp_driver_i/FSM_sequential_pres_st_seg_mux_reg[2]
  -------------------------------------------------------------------
                         required time                         -1.571    
                         arrival time                           1.794    
  -------------------------------------------------------------------
                         slack                                  0.223    

Slack (MET) :             0.227ns  (arrival time - required time)
  Source:                 btn_in_s_s_i/debouncer_i/shreg_reg[0]/C
                            (rising edge-triggered cell FDRE clocked by clk  {rise@0.000ns fall@10.000ns period=20.000ns})
  Destination:            btn_in_s_s_i/debouncer_i/shreg_reg[1]/D
                            (rising edge-triggered cell FDRE clocked by clk  {rise@0.000ns fall@10.000ns period=20.000ns})
  Path Group:             clk
  Path Type:              Hold (Min at Fast Process Corner)
  Requirement:            0.000ns  (clk rise@0.000ns - clk rise@0.000ns)
  Data Path Delay:        0.257ns  (logic 0.128ns (49.737%)  route 0.129ns (50.263%))
  Logic Levels:           0  
  Clock Path Skew:        0.014ns (DCD - SCD - CPR)
    Destination Clock Delay (DCD):    1.977ns
    Source Clock Delay      (SCD):    1.462ns
    Clock Pessimism Removal (CPR):    0.501ns

    Location             Delay type                Incr(ns)  Path(ns)    Netlist Resource(s)
  -------------------------------------------------------------------    -------------------
                         (clock clk rise edge)        0.000     0.000 r  
    H16                                               0.000     0.000 r  CLK (IN)
                         net (fo=0)                   0.000     0.000    CLK
    H16                  IBUF (Prop_ibuf_I_O)         0.225     0.225 r  CLK_IBUF_inst/O
                         net (fo=1, routed)           0.627     0.852    CLK_IBUF
    BUFGCTRL_X0Y16       BUFG (Prop_bufg_I_O)         0.026     0.878 r  CLK_IBUF_BUFG_inst/O
                         net (fo=112, routed)         0.584     1.462    btn_in_s_s_i/debouncer_i/CLK
    SLICE_X36Y61         FDRE                                         r  btn_in_s_s_i/debouncer_i/shreg_reg[0]/C
  -------------------------------------------------------------------    -------------------
    SLICE_X36Y61         FDRE (Prop_fdre_C_Q)         0.128     1.590 r  btn_in_s_s_i/debouncer_i/shreg_reg[0]/Q
                         net (fo=2, routed)           0.129     1.719    btn_in_s_s_i/debouncer_i/shreg[0]
    SLICE_X36Y62         FDRE                                         r  btn_in_s_s_i/debouncer_i/shreg_reg[1]/D
  -------------------------------------------------------------------    -------------------

                         (clock clk rise edge)        0.000     0.000 r  
    H16                                               0.000     0.000 r  CLK (IN)
                         net (fo=0)                   0.000     0.000    CLK
    H16                  IBUF (Prop_ibuf_I_O)         0.413     0.413 r  CLK_IBUF_inst/O
                         net (fo=1, routed)           0.683     1.096    CLK_IBUF
    BUFGCTRL_X0Y16       BUFG (Prop_bufg_I_O)         0.029     1.125 r  CLK_IBUF_BUFG_inst/O
                         net (fo=112, routed)         0.852     1.977    btn_in_s_s_i/debouncer_i/CLK
    SLICE_X36Y62         FDRE                                         r  btn_in_s_s_i/debouncer_i/shreg_reg[1]/C
                         clock pessimism             -0.501     1.476    
    SLICE_X36Y62         FDRE (Hold_fdre_C_D)         0.016     1.492    btn_in_s_s_i/debouncer_i/shreg_reg[1]
  -------------------------------------------------------------------
                         required time                         -1.492    
                         arrival time                           1.719    
  -------------------------------------------------------------------
                         slack                                  0.227    

Slack (MET) :             0.228ns  (arrival time - required time)
  Source:                 btn_in_l_c_i/debouncer_i/BTN_OUT_reg/C
                            (rising edge-triggered cell FDRE clocked by clk  {rise@0.000ns fall@10.000ns period=20.000ns})
  Destination:            btn_in_l_c_i/edge_detector_i/sig_in_del_reg/D
                            (rising edge-triggered cell FDRE clocked by clk  {rise@0.000ns fall@10.000ns period=20.000ns})
  Path Group:             clk
  Path Type:              Hold (Min at Fast Process Corner)
  Requirement:            0.000ns  (clk rise@0.000ns - clk rise@0.000ns)
  Data Path Delay:        0.316ns  (logic 0.141ns (44.581%)  route 0.175ns (55.419%))
  Logic Levels:           0  
  Clock Path Skew:        0.013ns (DCD - SCD - CPR)
    Destination Clock Delay (DCD):    1.976ns
    Source Clock Delay      (SCD):    1.462ns
    Clock Pessimism Removal (CPR):    0.501ns

    Location             Delay type                Incr(ns)  Path(ns)    Netlist Resource(s)
  -------------------------------------------------------------------    -------------------
                         (clock clk rise edge)        0.000     0.000 r  
    H16                                               0.000     0.000 r  CLK (IN)
                         net (fo=0)                   0.000     0.000    CLK
    H16                  IBUF (Prop_ibuf_I_O)         0.225     0.225 r  CLK_IBUF_inst/O
                         net (fo=1, routed)           0.627     0.852    CLK_IBUF
    BUFGCTRL_X0Y16       BUFG (Prop_bufg_I_O)         0.026     0.878 r  CLK_IBUF_BUFG_inst/O
                         net (fo=112, routed)         0.584     1.462    btn_in_l_c_i/debouncer_i/CLK
    SLICE_X37Y61         FDRE                                         r  btn_in_l_c_i/debouncer_i/BTN_OUT_reg/C
  -------------------------------------------------------------------    -------------------
    SLICE_X37Y61         FDRE (Prop_fdre_C_Q)         0.141     1.603 r  btn_in_l_c_i/debouncer_i/BTN_OUT_reg/Q
                         net (fo=3, routed)           0.175     1.778    btn_in_l_c_i/edge_detector_i/sig_in_del_reg_0
    SLICE_X39Y63         FDRE                                         r  btn_in_l_c_i/edge_detector_i/sig_in_del_reg/D
  -------------------------------------------------------------------    -------------------

                         (clock clk rise edge)        0.000     0.000 r  
    H16                                               0.000     0.000 r  CLK (IN)
                         net (fo=0)                   0.000     0.000    CLK
    H16                  IBUF (Prop_ibuf_I_O)         0.413     0.413 r  CLK_IBUF_inst/O
                         net (fo=1, routed)           0.683     1.096    CLK_IBUF
    BUFGCTRL_X0Y16       BUFG (Prop_bufg_I_O)         0.029     1.125 r  CLK_IBUF_BUFG_inst/O
                         net (fo=112, routed)         0.851     1.976    btn_in_l_c_i/edge_detector_i/CLK
    SLICE_X39Y63         FDRE                                         r  btn_in_l_c_i/edge_detector_i/sig_in_del_reg/C
                         clock pessimism             -0.501     1.475    
    SLICE_X39Y63         FDRE (Hold_fdre_C_D)         0.075     1.550    btn_in_l_c_i/edge_detector_i/sig_in_del_reg
  -------------------------------------------------------------------
                         required time                         -1.550    
                         arrival time                           1.778    
  -------------------------------------------------------------------
                         slack                                  0.228    





Pulse Width Checks
--------------------------------------------------------------------------------------
Clock Name:         clk
Waveform(ns):       { 0.000 10.000 }
Period(ns):         20.000
Sources:            { CLK }

Check Type        Corner  Lib Pin  Reference Pin  Required(ns)  Actual(ns)  Slack(ns)  Location        Pin
Min Period        n/a     BUFG/I   n/a            2.155         20.000      17.845     BUFGCTRL_X0Y16  CLK_IBUF_BUFG_inst/I
Min Period        n/a     FDRE/C   n/a            1.000         20.000      19.000     SLICE_X41Y64    bcd_counter_i/CNT_0_reg[0]/C
Min Period        n/a     FDRE/C   n/a            1.000         20.000      19.000     SLICE_X39Y62    bcd_counter_i/CNT_0_reg[1]/C
Min Period        n/a     FDRE/C   n/a            1.000         20.000      19.000     SLICE_X39Y62    bcd_counter_i/CNT_0_reg[2]/C
Min Period        n/a     FDRE/C   n/a            1.000         20.000      19.000     SLICE_X41Y64    bcd_counter_i/CNT_0_reg[3]/C
Min Period        n/a     FDRE/C   n/a            1.000         20.000      19.000     SLICE_X40Y64    bcd_counter_i/CNT_1_reg[0]/C
Min Period        n/a     FDRE/C   n/a            1.000         20.000      19.000     SLICE_X39Y62    bcd_counter_i/CNT_1_reg[1]/C
Min Period        n/a     FDRE/C   n/a            1.000         20.000      19.000     SLICE_X38Y60    bcd_counter_i/CNT_1_reg[2]/C
Min Period        n/a     FDRE/C   n/a            1.000         20.000      19.000     SLICE_X39Y62    bcd_counter_i/CNT_1_reg[3]/C
Min Period        n/a     FDRE/C   n/a            1.000         20.000      19.000     SLICE_X40Y64    bcd_counter_i/CNT_2_reg[0]/C
Low Pulse Width   Slow    FDRE/C   n/a            0.500         10.000      9.500      SLICE_X41Y64    bcd_counter_i/CNT_0_reg[0]/C
Low Pulse Width   Fast    FDRE/C   n/a            0.500         10.000      9.500      SLICE_X41Y64    bcd_counter_i/CNT_0_reg[0]/C
Low Pulse Width   Slow    FDRE/C   n/a            0.500         10.000      9.500      SLICE_X39Y62    bcd_counter_i/CNT_0_reg[1]/C
Low Pulse Width   Fast    FDRE/C   n/a            0.500         10.000      9.500      SLICE_X39Y62    bcd_counter_i/CNT_0_reg[1]/C
Low Pulse Width   Slow    FDRE/C   n/a            0.500         10.000      9.500      SLICE_X39Y62    bcd_counter_i/CNT_0_reg[2]/C
Low Pulse Width   Fast    FDRE/C   n/a            0.500         10.000      9.500      SLICE_X39Y62    bcd_counter_i/CNT_0_reg[2]/C
Low Pulse Width   Slow    FDRE/C   n/a            0.500         10.000      9.500      SLICE_X41Y64    bcd_counter_i/CNT_0_reg[3]/C
Low Pulse Width   Fast    FDRE/C   n/a            0.500         10.000      9.500      SLICE_X41Y64    bcd_counter_i/CNT_0_reg[3]/C
Low Pulse Width   Slow    FDRE/C   n/a            0.500         10.000      9.500      SLICE_X40Y64    bcd_counter_i/CNT_1_reg[0]/C
Low Pulse Width   Fast    FDRE/C   n/a            0.500         10.000      9.500      SLICE_X40Y64    bcd_counter_i/CNT_1_reg[0]/C
High Pulse Width  Slow    FDRE/C   n/a            0.500         10.000      9.500      SLICE_X41Y64    bcd_counter_i/CNT_0_reg[0]/C
High Pulse Width  Fast    FDRE/C   n/a            0.500         10.000      9.500      SLICE_X41Y64    bcd_counter_i/CNT_0_reg[0]/C
High Pulse Width  Slow    FDRE/C   n/a            0.500         10.000      9.500      SLICE_X39Y62    bcd_counter_i/CNT_0_reg[1]/C
High Pulse Width  Fast    FDRE/C   n/a            0.500         10.000      9.500      SLICE_X39Y62    bcd_counter_i/CNT_0_reg[1]/C
High Pulse Width  Slow    FDRE/C   n/a            0.500         10.000      9.500      SLICE_X39Y62    bcd_counter_i/CNT_0_reg[2]/C
High Pulse Width  Fast    FDRE/C   n/a            0.500         10.000      9.500      SLICE_X39Y62    bcd_counter_i/CNT_0_reg[2]/C
High Pulse Width  Slow    FDRE/C   n/a            0.500         10.000      9.500      SLICE_X41Y64    bcd_counter_i/CNT_0_reg[3]/C
High Pulse Width  Fast    FDRE/C   n/a            0.500         10.000      9.500      SLICE_X41Y64    bcd_counter_i/CNT_0_reg[3]/C
High Pulse Width  Slow    FDRE/C   n/a            0.500         10.000      9.500      SLICE_X40Y64    bcd_counter_i/CNT_1_reg[0]/C
High Pulse Width  Fast    FDRE/C   n/a            0.500         10.000      9.500      SLICE_X40Y64    bcd_counter_i/CNT_1_reg[0]/C



