Copyright 1986-2022 Xilinx, Inc. All Rights Reserved. Copyright 2022-2025 Advanced Micro Devices, Inc. All Rights Reserved.
------------------------------------------------------------------------------------------------------------------------------------------------------------------------------------------------------------------------------------
| Tool Version : Vivado v.2025.2 (win64) Build 6299465 Fri Nov 14 19:35:11 GMT 2025
| Date         : Fri Feb 20 11:04:48 2026
| Host         : PC-SC660-25 running 64-bit major release  (build 9200)
| Command      : report_timing_summary -max_paths 10 -routable_nets -report_unconstrained -file LED_demo_timing_summary_routed.rpt -pb LED_demo_timing_summary_routed.pb -rpx LED_demo_timing_summary_routed.rpx -warn_on_violation
| Design       : LED_demo
| Device       : 7z010-clg400
| Speed File   : -1  PRODUCTION 1.12 2019-11-22
| Design State : Routed
------------------------------------------------------------------------------------------------------------------------------------------------------------------------------------------------------------------------------------

Timing Summary Report

------------------------------------------------------------------------------------------------
| Timer Settings
| --------------
------------------------------------------------------------------------------------------------

  Enable Multi Corner Analysis               :  Yes
  Enable Pessimism Removal                   :  Yes
  Pessimism Removal Resolution               :  Nearest Common Node
  Enable Input Delay Default Clock           :  No
  Enable Preset / Clear Arcs                 :  No
  Disable Flight Delays                      :  No
  Ignore I/O Paths                           :  No
  Timing Early Launch at Borrowing Latches   :  No
  Borrow Time for Max Delay Exceptions       :  Yes
  Merge Timing Exceptions                    :  Yes
  Inter-SLR Compensation                     :  Conservative

  Corner  Analyze    Analyze    
  Name    Max Paths  Min Paths  
  ------  ---------  ---------  
  Slow    Yes        Yes        
  Fast    Yes        Yes        


------------------------------------------------------------------------------------------------
| Report Methodology
| ------------------
------------------------------------------------------------------------------------------------

No report available as report_methodology has not been run prior. Run report_methodology on the current design for the summary of methodology violations.



check_timing report

Table of Contents
-----------------
1. checking no_clock (0)
2. checking constant_clock (0)
3. checking pulse_width_clock (0)
4. checking unconstrained_internal_endpoints (0)
5. checking no_input_delay (0)
6. checking no_output_delay (0)
7. checking multiple_clock (0)
8. checking generated_clocks (0)
9. checking loops (0)
10. checking partial_input_delay (0)
11. checking partial_output_delay (0)
12. checking latch_loops (0)

1. checking no_clock (0)
------------------------
 There are 0 register/latch pins with no clock.


2. checking constant_clock (0)
------------------------------
 There are 0 register/latch pins with constant_clock.


3. checking pulse_width_clock (0)
---------------------------------
 There are 0 register/latch pins which need pulse_width check


4. checking unconstrained_internal_endpoints (0)
------------------------------------------------
 There are 0 pins that are not constrained for maximum delay.

 There are 0 pins that are not constrained for maximum delay due to constant clock.


5. checking no_input_delay (0)
------------------------------
 There are 0 input ports with no input delay specified.

 There are 0 input ports with no input delay but user has a false path constraint.


6. checking no_output_delay (0)
-------------------------------
 There are 0 ports with no output delay specified.

 There are 0 ports with no output delay but user has a false path constraint

 There are 0 ports with no output delay but with a timing clock defined on it or propagating through it


7. checking multiple_clock (0)
------------------------------
 There are 0 register/latch pins with multiple clocks.


8. checking generated_clocks (0)
--------------------------------
 There are 0 generated clocks that are not connected to a clock source.


9. checking loops (0)
---------------------
 There are 0 combinational loops in the design.


10. checking partial_input_delay (0)
------------------------------------
 There are 0 input ports with partial input delay specified.


11. checking partial_output_delay (0)
-------------------------------------
 There are 0 ports with partial output delay specified.


12. checking latch_loops (0)
----------------------------
 There are 0 combinational latch loops in the design through latch input



------------------------------------------------------------------------------------------------
| Design Timing Summary
| ---------------------
------------------------------------------------------------------------------------------------

    WNS(ns)      TNS(ns)  TNS Failing Endpoints  TNS Total Endpoints      WHS(ns)      THS(ns)  THS Failing Endpoints  THS Total Endpoints     WPWS(ns)     TPWS(ns)  TPWS Failing Endpoints  TPWS Total Endpoints  
    -------      -------  ---------------------  -------------------      -------      -------  ---------------------  -------------------     --------     --------  ----------------------  --------------------  
        inf        0.000                      0                    3          inf        0.000                      0                    3           NA           NA                      NA                    NA  


There are no user specified timing constraints.


------------------------------------------------------------------------------------------------
| Clock Summary
| -------------
------------------------------------------------------------------------------------------------


------------------------------------------------------------------------------------------------
| Intra Clock Table
| -----------------
------------------------------------------------------------------------------------------------

Clock             WNS(ns)      TNS(ns)  TNS Failing Endpoints  TNS Total Endpoints      WHS(ns)      THS(ns)  THS Failing Endpoints  THS Total Endpoints     WPWS(ns)     TPWS(ns)  TPWS Failing Endpoints  TPWS Total Endpoints  
-----             -------      -------  ---------------------  -------------------      -------      -------  ---------------------  -------------------     --------     --------  ----------------------  --------------------  


------------------------------------------------------------------------------------------------
| Inter Clock Table
| -----------------
------------------------------------------------------------------------------------------------

From Clock    To Clock          WNS(ns)      TNS(ns)  TNS Failing Endpoints  TNS Total Endpoints      WHS(ns)      THS(ns)  THS Failing Endpoints  THS Total Endpoints  
----------    --------          -------      -------  ---------------------  -------------------      -------      -------  ---------------------  -------------------  


------------------------------------------------------------------------------------------------
| Other Path Groups Table
| -----------------------
------------------------------------------------------------------------------------------------

Path Group    From Clock    To Clock          WNS(ns)      TNS(ns)  TNS Failing Endpoints  TNS Total Endpoints      WHS(ns)      THS(ns)  THS Failing Endpoints  THS Total Endpoints  
----------    ----------    --------          -------      -------  ---------------------  -------------------      -------      -------  ---------------------  -------------------  


------------------------------------------------------------------------------------------------
| User Ignored Path Table
| -----------------------
------------------------------------------------------------------------------------------------

Path Group    From Clock    To Clock    
----------    ----------    --------    


------------------------------------------------------------------------------------------------
| Unconstrained Path Table
| ------------------------
------------------------------------------------------------------------------------------------

Path Group    From Clock    To Clock    
----------    ----------    --------    
(none)                                    


------------------------------------------------------------------------------------------------
| Timing Details
| --------------
------------------------------------------------------------------------------------------------


--------------------------------------------------------------------------------------
Path Group:  (none)
From Clock:  
  To Clock:  

Max Delay             3 Endpoints
Min Delay             3 Endpoints
--------------------------------------------------------------------------------------


Max Delay Paths
--------------------------------------------------------------------------------------
Slack:                    inf
  Source:                 SW[2]
                            (input port)
  Destination:            LED[2]
                            (output port)
  Path Group:             (none)
  Path Type:              Max at Slow Process Corner
  Data Path Delay:        10.948ns  (logic 5.230ns (47.776%)  route 5.717ns (52.224%))
  Logic Levels:           4  (IBUF=1 LUT4=1 LUT5=1 OBUF=1)

    Location             Delay type                Incr(ns)  Path(ns)    Netlist Resource(s)
  -------------------------------------------------------------------    -------------------
    C20                                               0.000     0.000 r  SW[2] (IN)
                         net (fo=0)                   0.000     0.000    SW[2]
    C20                  IBUF (Prop_ibuf_I_O)         1.475     1.475 r  SW_IBUF[2]_inst/O
                         net (fo=1, routed)           1.409     2.884    SW_IBUF[2]
    SLICE_X43Y93         LUT4 (Prop_lut4_I3_O)        0.124     3.008 r  LED_OBUF[2]_inst_i_2/O
                         net (fo=1, routed)           2.185     5.193    LED_OBUF[2]_inst_i_2_n_0
    SLICE_X43Y47         LUT5 (Prop_lut5_I4_O)        0.124     5.317 r  LED_OBUF[2]_inst_i_1/O
                         net (fo=1, routed)           2.124     7.440    LED_OBUF[2]
    G15                  OBUF (Prop_obuf_I_O)         3.507    10.948 r  LED_OBUF[2]_inst/O
                         net (fo=0)                   0.000    10.948    LED[2]
    G15                                                               r  LED[2] (OUT)
  -------------------------------------------------------------------    -------------------

Slack:                    inf
  Source:                 BTN[2]
                            (input port)
  Destination:            LED[1]
                            (output port)
  Path Group:             (none)
  Path Type:              Max at Slow Process Corner
  Data Path Delay:        8.656ns  (logic 4.874ns (56.302%)  route 3.783ns (43.698%))
  Logic Levels:           3  (IBUF=1 LUT1=1 OBUF=1)

    Location             Delay type                Incr(ns)  Path(ns)    Netlist Resource(s)
  -------------------------------------------------------------------    -------------------
    T10                                               0.000     0.000 f  BTN[2] (IN)
                         net (fo=0)                   0.000     0.000    BTN[2]
    T10                  IBUF (Prop_ibuf_I_O)         1.042     1.042 f  BTN_IBUF[2]_inst/O
                         net (fo=2, routed)           0.829     1.871    BTN_IBUF[2]
    SLICE_X43Y47         LUT1 (Prop_lut1_I0_O)        0.118     1.989 r  LED_OBUF[1]_inst_i_1/O
                         net (fo=1, routed)           2.954     4.943    LED_OBUF[1]
    F17                  OBUF (Prop_obuf_I_O)         3.713     8.656 r  LED_OBUF[1]_inst/O
                         net (fo=0)                   0.000     8.656    LED[1]
    F17                                                               r  LED[1] (OUT)
  -------------------------------------------------------------------    -------------------

Slack:                    inf
  Source:                 BTN[1]
                            (input port)
  Destination:            LED[0]
                            (output port)
  Path Group:             (none)
  Path Type:              Max at Slow Process Corner
  Data Path Delay:        7.676ns  (logic 4.564ns (59.461%)  route 3.112ns (40.539%))
  Logic Levels:           2  (IBUF=1 OBUF=1)

    Location             Delay type                Incr(ns)  Path(ns)    Netlist Resource(s)
  -------------------------------------------------------------------    -------------------
    T11                                               0.000     0.000 r  BTN[1] (IN)
                         net (fo=0)                   0.000     0.000    BTN[1]
    T11                  IBUF (Prop_ibuf_I_O)         1.050     1.050 r  BTN_IBUF[1]_inst/O
                         net (fo=2, routed)           3.112     4.162    LED_OBUF[0]
    F16                  OBUF (Prop_obuf_I_O)         3.514     7.676 r  LED_OBUF[0]_inst/O
                         net (fo=0)                   0.000     7.676    LED[0]
    F16                                                               r  LED[0] (OUT)
  -------------------------------------------------------------------    -------------------





Min Delay Paths
--------------------------------------------------------------------------------------
Slack:                    inf
  Source:                 BTN[1]
                            (input port)
  Destination:            LED[0]
                            (output port)
  Path Group:             (none)
  Path Type:              Min at Fast Process Corner
  Data Path Delay:        2.358ns  (logic 1.493ns (63.326%)  route 0.865ns (36.674%))
  Logic Levels:           2  (IBUF=1 OBUF=1)

    Location             Delay type                Incr(ns)  Path(ns)    Netlist Resource(s)
  -------------------------------------------------------------------    -------------------
    T11                                               0.000     0.000 r  BTN[1] (IN)
                         net (fo=0)                   0.000     0.000    BTN[1]
    T11                  IBUF (Prop_ibuf_I_O)         0.278     0.278 r  BTN_IBUF[1]_inst/O
                         net (fo=2, routed)           0.865     1.143    LED_OBUF[0]
    F16                  OBUF (Prop_obuf_I_O)         1.215     2.358 r  LED_OBUF[0]_inst/O
                         net (fo=0)                   0.000     2.358    LED[0]
    F16                                                               r  LED[0] (OUT)
  -------------------------------------------------------------------    -------------------

Slack:                    inf
  Source:                 BTN[2]
                            (input port)
  Destination:            LED[2]
                            (output port)
  Path Group:             (none)
  Path Type:              Min at Fast Process Corner
  Data Path Delay:        2.383ns  (logic 1.524ns (63.933%)  route 0.860ns (36.067%))
  Logic Levels:           3  (IBUF=1 LUT5=1 OBUF=1)

    Location             Delay type                Incr(ns)  Path(ns)    Netlist Resource(s)
  -------------------------------------------------------------------    -------------------
    T10                                               0.000     0.000 f  BTN[2] (IN)
                         net (fo=0)                   0.000     0.000    BTN[2]
    T10                  IBUF (Prop_ibuf_I_O)         0.270     0.270 f  BTN_IBUF[2]_inst/O
                         net (fo=2, routed)           0.322     0.592    BTN_IBUF[2]
    SLICE_X43Y47         LUT5 (Prop_lut5_I2_O)        0.045     0.637 r  LED_OBUF[2]_inst_i_1/O
                         net (fo=1, routed)           0.538     1.175    LED_OBUF[2]
    G15                  OBUF (Prop_obuf_I_O)         1.208     2.383 r  LED_OBUF[2]_inst/O
                         net (fo=0)                   0.000     2.383    LED[2]
    G15                                                               r  LED[2] (OUT)
  -------------------------------------------------------------------    -------------------

Slack:                    inf
  Source:                 BTN[2]
                            (input port)
  Destination:            LED[1]
                            (output port)
  Path Group:             (none)
  Path Type:              Min at Fast Process Corner
  Data Path Delay:        2.814ns  (logic 1.593ns (56.594%)  route 1.222ns (43.406%))
  Logic Levels:           3  (IBUF=1 LUT1=1 OBUF=1)

    Location             Delay type                Incr(ns)  Path(ns)    Netlist Resource(s)
  -------------------------------------------------------------------    -------------------
    T10                                               0.000     0.000 f  BTN[2] (IN)
                         net (fo=0)                   0.000     0.000    BTN[2]
    T10                  IBUF (Prop_ibuf_I_O)         0.270     0.270 f  BTN_IBUF[2]_inst/O
                         net (fo=2, routed)           0.322     0.592    BTN_IBUF[2]
    SLICE_X43Y47         LUT1 (Prop_lut1_I0_O)        0.048     0.640 r  LED_OBUF[1]_inst_i_1/O
                         net (fo=1, routed)           0.900     1.540    LED_OBUF[1]
    F17                  OBUF (Prop_obuf_I_O)         1.274     2.814 r  LED_OBUF[1]_inst/O
                         net (fo=0)                   0.000     2.814    LED[1]
    F17                                                               r  LED[1] (OUT)
  -------------------------------------------------------------------    -------------------





